::1 - - [03/Jan/2020:10:05:01 +0000] "GET / HTTP/1.1" 200 - "http://localhost:5000/admin/add-product" "Mozilla/5.0 (Windows NT 10.0; Win64; x64) AppleWebKit/537.36 (KHTML, like Gecko) Chrome/79.0.3945.88 Safari/537.36"
::1 - - [03/Jan/2020:10:05:01 +0000] "GET /css/main.css HTTP/1.1" 304 - "http://localhost:5000/" "Mozilla/5.0 (Windows NT 10.0; Win64; x64) AppleWebKit/537.36 (KHTML, like Gecko) Chrome/79.0.3945.88 Safari/537.36"
::1 - - [03/Jan/2020:10:05:01 +0000] "GET /css/product.css HTTP/1.1" 304 - "http://localhost:5000/" "Mozilla/5.0 (Windows NT 10.0; Win64; x64) AppleWebKit/537.36 (KHTML, like Gecko) Chrome/79.0.3945.88 Safari/537.36"
::1 - - [03/Jan/2020:10:05:01 +0000] "GET /js/main.js HTTP/1.1" 304 - "http://localhost:5000/" "Mozilla/5.0 (Windows NT 10.0; Win64; x64) AppleWebKit/537.36 (KHTML, like Gecko) Chrome/79.0.3945.88 Safari/537.36"
::1 - - [08/Nov/2020:15:52:52 +0000] "GET / HTTP/1.1" 200 - "-" "Mozilla/5.0 (Windows NT 10.0; Win64; x64) AppleWebKit/537.36 (KHTML, like Gecko) Chrome/86.0.4240.183 Safari/537.36"
::1 - - [08/Nov/2020:15:52:52 +0000] "GET /css/product.css HTTP/1.1" 200 379 "http://localhost:5000/" "Mozilla/5.0 (Windows NT 10.0; Win64; x64) AppleWebKit/537.36 (KHTML, like Gecko) Chrome/86.0.4240.183 Safari/537.36"
::1 - - [08/Nov/2020:15:52:52 +0000] "GET /js/main.js HTTP/1.1" 200 519 "http://localhost:5000/" "Mozilla/5.0 (Windows NT 10.0; Win64; x64) AppleWebKit/537.36 (KHTML, like Gecko) Chrome/86.0.4240.183 Safari/537.36"
::1 - - [08/Nov/2020:15:52:52 +0000] "GET /css/main.css HTTP/1.1" 200 - "http://localhost:5000/" "Mozilla/5.0 (Windows NT 10.0; Win64; x64) AppleWebKit/537.36 (KHTML, like Gecko) Chrome/86.0.4240.183 Safari/537.36"
::1 - - [08/Nov/2020:15:52:52 +0000] "GET /images/55870747719-220857.jpg HTTP/1.1" 404 - "http://localhost:5000/" "Mozilla/5.0 (Windows NT 10.0; Win64; x64) AppleWebKit/537.36 (KHTML, like Gecko) Chrome/86.0.4240.183 Safari/537.36"
::1 - - [08/Nov/2020:15:52:53 +0000] "GET /favicon.ico HTTP/1.1" 404 - "http://localhost:5000/" "Mozilla/5.0 (Windows NT 10.0; Win64; x64) AppleWebKit/537.36 (KHTML, like Gecko) Chrome/86.0.4240.183 Safari/537.36"
::1 - - [08/Nov/2020:15:52:59 +0000] "GET /login HTTP/1.1" 200 - "http://localhost:5000/" "Mozilla/5.0 (Windows NT 10.0; Win64; x64) AppleWebKit/537.36 (KHTML, like Gecko) Chrome/86.0.4240.183 Safari/537.36"
::1 - - [08/Nov/2020:15:52:59 +0000] "GET /css/main.css HTTP/1.1" 304 - "http://localhost:5000/login" "Mozilla/5.0 (Windows NT 10.0; Win64; x64) AppleWebKit/537.36 (KHTML, like Gecko) Chrome/86.0.4240.183 Safari/537.36"
::1 - - [08/Nov/2020:15:52:59 +0000] "GET /js/main.js HTTP/1.1" 304 - "http://localhost:5000/login" "Mozilla/5.0 (Windows NT 10.0; Win64; x64) AppleWebKit/537.36 (KHTML, like Gecko) Chrome/86.0.4240.183 Safari/537.36"
::1 - - [08/Nov/2020:15:52:59 +0000] "GET /css/forms.css HTTP/1.1" 200 454 "http://localhost:5000/login" "Mozilla/5.0 (Windows NT 10.0; Win64; x64) AppleWebKit/537.36 (KHTML, like Gecko) Chrome/86.0.4240.183 Safari/537.36"
::1 - - [08/Nov/2020:15:52:59 +0000] "GET /css/auth.css HTTP/1.1" 200 84 "http://localhost:5000/login" "Mozilla/5.0 (Windows NT 10.0; Win64; x64) AppleWebKit/537.36 (KHTML, like Gecko) Chrome/86.0.4240.183 Safari/537.36"
::1 - - [08/Nov/2020:15:53:08 +0000] "POST /login HTTP/1.1" 302 46 "http://localhost:5000/login" "Mozilla/5.0 (Windows NT 10.0; Win64; x64) AppleWebKit/537.36 (KHTML, like Gecko) Chrome/86.0.4240.183 Safari/537.36"
::1 - - [08/Nov/2020:15:53:09 +0000] "GET / HTTP/1.1" 200 - "http://localhost:5000/login" "Mozilla/5.0 (Windows NT 10.0; Win64; x64) AppleWebKit/537.36 (KHTML, like Gecko) Chrome/86.0.4240.183 Safari/537.36"
::1 - - [08/Nov/2020:15:53:09 +0000] "GET /css/main.css HTTP/1.1" 304 - "http://localhost:5000/" "Mozilla/5.0 (Windows NT 10.0; Win64; x64) AppleWebKit/537.36 (KHTML, like Gecko) Chrome/86.0.4240.183 Safari/537.36"
::1 - - [08/Nov/2020:15:53:09 +0000] "GET /css/product.css HTTP/1.1" 304 - "http://localhost:5000/" "Mozilla/5.0 (Windows NT 10.0; Win64; x64) AppleWebKit/537.36 (KHTML, like Gecko) Chrome/86.0.4240.183 Safari/537.36"
::1 - - [08/Nov/2020:15:53:09 +0000] "GET /js/main.js HTTP/1.1" 304 - "http://localhost:5000/" "Mozilla/5.0 (Windows NT 10.0; Win64; x64) AppleWebKit/537.36 (KHTML, like Gecko) Chrome/86.0.4240.183 Safari/537.36"
::1 - - [08/Nov/2020:15:53:09 +0000] "GET /images/55870747719-220857.jpg HTTP/1.1" 404 - "http://localhost:5000/" "Mozilla/5.0 (Windows NT 10.0; Win64; x64) AppleWebKit/537.36 (KHTML, like Gecko) Chrome/86.0.4240.183 Safari/537.36"
::1 - - [08/Nov/2020:15:53:16 +0000] "POST /logout HTTP/1.1" 302 46 "http://localhost:5000/" "Mozilla/5.0 (Windows NT 10.0; Win64; x64) AppleWebKit/537.36 (KHTML, like Gecko) Chrome/86.0.4240.183 Safari/537.36"
::1 - - [08/Nov/2020:15:53:17 +0000] "GET / HTTP/1.1" 200 - "http://localhost:5000/" "Mozilla/5.0 (Windows NT 10.0; Win64; x64) AppleWebKit/537.36 (KHTML, like Gecko) Chrome/86.0.4240.183 Safari/537.36"
::1 - - [08/Nov/2020:15:53:17 +0000] "GET /css/main.css HTTP/1.1" 304 - "http://localhost:5000/" "Mozilla/5.0 (Windows NT 10.0; Win64; x64) AppleWebKit/537.36 (KHTML, like Gecko) Chrome/86.0.4240.183 Safari/537.36"
::1 - - [08/Nov/2020:15:53:17 +0000] "GET /css/product.css HTTP/1.1" 304 - "http://localhost:5000/" "Mozilla/5.0 (Windows NT 10.0; Win64; x64) AppleWebKit/537.36 (KHTML, like Gecko) Chrome/86.0.4240.183 Safari/537.36"
::1 - - [08/Nov/2020:15:53:17 +0000] "GET /js/main.js HTTP/1.1" 304 - "http://localhost:5000/" "Mozilla/5.0 (Windows NT 10.0; Win64; x64) AppleWebKit/537.36 (KHTML, like Gecko) Chrome/86.0.4240.183 Safari/537.36"
::1 - - [08/Nov/2020:15:53:17 +0000] "GET /images/55870747719-220857.jpg HTTP/1.1" 404 - "http://localhost:5000/" "Mozilla/5.0 (Windows NT 10.0; Win64; x64) AppleWebKit/537.36 (KHTML, like Gecko) Chrome/86.0.4240.183 Safari/537.36"
::1 - - [08/Nov/2020:15:53:19 +0000] "GET /login HTTP/1.1" 200 - "http://localhost:5000/" "Mozilla/5.0 (Windows NT 10.0; Win64; x64) AppleWebKit/537.36 (KHTML, like Gecko) Chrome/86.0.4240.183 Safari/537.36"
::1 - - [08/Nov/2020:15:53:19 +0000] "GET /css/main.css HTTP/1.1" 304 - "http://localhost:5000/login" "Mozilla/5.0 (Windows NT 10.0; Win64; x64) AppleWebKit/537.36 (KHTML, like Gecko) Chrome/86.0.4240.183 Safari/537.36"
::1 - - [08/Nov/2020:15:53:19 +0000] "GET /css/forms.css HTTP/1.1" 304 - "http://localhost:5000/login" "Mozilla/5.0 (Windows NT 10.0; Win64; x64) AppleWebKit/537.36 (KHTML, like Gecko) Chrome/86.0.4240.183 Safari/537.36"
::1 - - [08/Nov/2020:15:53:19 +0000] "GET /css/auth.css HTTP/1.1" 304 - "http://localhost:5000/login" "Mozilla/5.0 (Windows NT 10.0; Win64; x64) AppleWebKit/537.36 (KHTML, like Gecko) Chrome/86.0.4240.183 Safari/537.36"
::1 - - [08/Nov/2020:15:53:19 +0000] "GET /js/main.js HTTP/1.1" 304 - "http://localhost:5000/login" "Mozilla/5.0 (Windows NT 10.0; Win64; x64) AppleWebKit/537.36 (KHTML, like Gecko) Chrome/86.0.4240.183 Safari/537.36"
::1 - - [08/Nov/2020:15:53:22 +0000] "POST /login HTTP/1.1" 422 - "http://localhost:5000/login" "Mozilla/5.0 (Windows NT 10.0; Win64; x64) AppleWebKit/537.36 (KHTML, like Gecko) Chrome/86.0.4240.183 Safari/537.36"
::1 - - [08/Nov/2020:15:53:23 +0000] "GET /css/main.css HTTP/1.1" 304 - "http://localhost:5000/login" "Mozilla/5.0 (Windows NT 10.0; Win64; x64) AppleWebKit/537.36 (KHTML, like Gecko) Chrome/86.0.4240.183 Safari/537.36"
::1 - - [08/Nov/2020:15:53:23 +0000] "GET /css/forms.css HTTP/1.1" 304 - "http://localhost:5000/login" "Mozilla/5.0 (Windows NT 10.0; Win64; x64) AppleWebKit/537.36 (KHTML, like Gecko) Chrome/86.0.4240.183 Safari/537.36"
::1 - - [08/Nov/2020:15:53:23 +0000] "GET /css/auth.css HTTP/1.1" 304 - "http://localhost:5000/login" "Mozilla/5.0 (Windows NT 10.0; Win64; x64) AppleWebKit/537.36 (KHTML, like Gecko) Chrome/86.0.4240.183 Safari/537.36"
::1 - - [08/Nov/2020:15:53:23 +0000] "GET /js/main.js HTTP/1.1" 304 - "http://localhost:5000/login" "Mozilla/5.0 (Windows NT 10.0; Win64; x64) AppleWebKit/537.36 (KHTML, like Gecko) Chrome/86.0.4240.183 Safari/537.36"
::1 - - [08/Nov/2020:15:53:29 +0000] "POST /login HTTP/1.1" 422 - "http://localhost:5000/login" "Mozilla/5.0 (Windows NT 10.0; Win64; x64) AppleWebKit/537.36 (KHTML, like Gecko) Chrome/86.0.4240.183 Safari/537.36"
::1 - - [08/Nov/2020:15:53:29 +0000] "GET /css/main.css HTTP/1.1" 304 - "http://localhost:5000/login" "Mozilla/5.0 (Windows NT 10.0; Win64; x64) AppleWebKit/537.36 (KHTML, like Gecko) Chrome/86.0.4240.183 Safari/537.36"
::1 - - [08/Nov/2020:15:53:29 +0000] "GET /css/forms.css HTTP/1.1" 304 - "http://localhost:5000/login" "Mozilla/5.0 (Windows NT 10.0; Win64; x64) AppleWebKit/537.36 (KHTML, like Gecko) Chrome/86.0.4240.183 Safari/537.36"
::1 - - [08/Nov/2020:15:53:29 +0000] "GET /css/auth.css HTTP/1.1" 304 - "http://localhost:5000/login" "Mozilla/5.0 (Windows NT 10.0; Win64; x64) AppleWebKit/537.36 (KHTML, like Gecko) Chrome/86.0.4240.183 Safari/537.36"
::1 - - [08/Nov/2020:15:53:29 +0000] "GET /js/main.js HTTP/1.1" 304 - "http://localhost:5000/login" "Mozilla/5.0 (Windows NT 10.0; Win64; x64) AppleWebKit/537.36 (KHTML, like Gecko) Chrome/86.0.4240.183 Safari/537.36"
::1 - - [08/Nov/2020:15:53:35 +0000] "POST /login HTTP/1.1" 302 46 "http://localhost:5000/login" "Mozilla/5.0 (Windows NT 10.0; Win64; x64) AppleWebKit/537.36 (KHTML, like Gecko) Chrome/86.0.4240.183 Safari/537.36"
::1 - - [08/Nov/2020:15:53:35 +0000] "GET / HTTP/1.1" 200 - "http://localhost:5000/login" "Mozilla/5.0 (Windows NT 10.0; Win64; x64) AppleWebKit/537.36 (KHTML, like Gecko) Chrome/86.0.4240.183 Safari/537.36"
::1 - - [08/Nov/2020:15:53:35 +0000] "GET /css/main.css HTTP/1.1" 304 - "http://localhost:5000/" "Mozilla/5.0 (Windows NT 10.0; Win64; x64) AppleWebKit/537.36 (KHTML, like Gecko) Chrome/86.0.4240.183 Safari/537.36"
::1 - - [08/Nov/2020:15:53:35 +0000] "GET /css/product.css HTTP/1.1" 304 - "http://localhost:5000/" "Mozilla/5.0 (Windows NT 10.0; Win64; x64) AppleWebKit/537.36 (KHTML, like Gecko) Chrome/86.0.4240.183 Safari/537.36"
::1 - - [08/Nov/2020:15:53:35 +0000] "GET /js/main.js HTTP/1.1" 304 - "http://localhost:5000/" "Mozilla/5.0 (Windows NT 10.0; Win64; x64) AppleWebKit/537.36 (KHTML, like Gecko) Chrome/86.0.4240.183 Safari/537.36"
::1 - - [08/Nov/2020:15:53:35 +0000] "GET /images/55870747719-220857.jpg HTTP/1.1" 404 - "http://localhost:5000/" "Mozilla/5.0 (Windows NT 10.0; Win64; x64) AppleWebKit/537.36 (KHTML, like Gecko) Chrome/86.0.4240.183 Safari/537.36"
::1 - - [08/Nov/2020:15:53:39 +0000] "GET /products/5e0f223cbe9f8900048a9eb3 HTTP/1.1" 200 - "http://localhost:5000/" "Mozilla/5.0 (Windows NT 10.0; Win64; x64) AppleWebKit/537.36 (KHTML, like Gecko) Chrome/86.0.4240.183 Safari/537.36"
::1 - - [08/Nov/2020:15:53:39 +0000] "GET /css/main.css HTTP/1.1" 304 - "http://localhost:5000/products/5e0f223cbe9f8900048a9eb3" "Mozilla/5.0 (Windows NT 10.0; Win64; x64) AppleWebKit/537.36 (KHTML, like Gecko) Chrome/86.0.4240.183 Safari/537.36"
::1 - - [08/Nov/2020:15:53:39 +0000] "GET /js/main.js HTTP/1.1" 304 - "http://localhost:5000/products/5e0f223cbe9f8900048a9eb3" "Mozilla/5.0 (Windows NT 10.0; Win64; x64) AppleWebKit/537.36 (KHTML, like Gecko) Chrome/86.0.4240.183 Safari/537.36"
::1 - - [08/Nov/2020:15:53:39 +0000] "GET /images/55870747719-220857.jpg HTTP/1.1" 404 - "http://localhost:5000/products/5e0f223cbe9f8900048a9eb3" "Mozilla/5.0 (Windows NT 10.0; Win64; x64) AppleWebKit/537.36 (KHTML, like Gecko) Chrome/86.0.4240.183 Safari/537.36"
::1 - - [08/Nov/2020:15:53:42 +0000] "GET /cart HTTP/1.1" 200 - "http://localhost:5000/products/5e0f223cbe9f8900048a9eb3" "Mozilla/5.0 (Windows NT 10.0; Win64; x64) AppleWebKit/537.36 (KHTML, like Gecko) Chrome/86.0.4240.183 Safari/537.36"
::1 - - [08/Nov/2020:15:53:42 +0000] "GET /css/main.css HTTP/1.1" 304 - "http://localhost:5000/cart" "Mozilla/5.0 (Windows NT 10.0; Win64; x64) AppleWebKit/537.36 (KHTML, like Gecko) Chrome/86.0.4240.183 Safari/537.36"
::1 - - [08/Nov/2020:15:53:42 +0000] "GET /js/main.js HTTP/1.1" 304 - "http://localhost:5000/cart" "Mozilla/5.0 (Windows NT 10.0; Win64; x64) AppleWebKit/537.36 (KHTML, like Gecko) Chrome/86.0.4240.183 Safari/537.36"
::1 - - [08/Nov/2020:15:53:42 +0000] "GET /css/cart.css HTTP/1.1" 200 387 "http://localhost:5000/cart" "Mozilla/5.0 (Windows NT 10.0; Win64; x64) AppleWebKit/537.36 (KHTML, like Gecko) Chrome/86.0.4240.183 Safari/537.36"
::1 - - [08/Nov/2020:15:53:44 +0000] "GET /orders HTTP/1.1" 200 - "http://localhost:5000/cart" "Mozilla/5.0 (Windows NT 10.0; Win64; x64) AppleWebKit/537.36 (KHTML, like Gecko) Chrome/86.0.4240.183 Safari/537.36"
::1 - - [08/Nov/2020:15:53:44 +0000] "GET /css/main.css HTTP/1.1" 304 - "http://localhost:5000/orders" "Mozilla/5.0 (Windows NT 10.0; Win64; x64) AppleWebKit/537.36 (KHTML, like Gecko) Chrome/86.0.4240.183 Safari/537.36"
::1 - - [08/Nov/2020:15:53:44 +0000] "GET /js/main.js HTTP/1.1" 304 - "http://localhost:5000/orders" "Mozilla/5.0 (Windows NT 10.0; Win64; x64) AppleWebKit/537.36 (KHTML, like Gecko) Chrome/86.0.4240.183 Safari/537.36"
::1 - - [08/Nov/2020:15:53:44 +0000] "GET /css/orders.css HTTP/1.1" 200 419 "http://localhost:5000/orders" "Mozilla/5.0 (Windows NT 10.0; Win64; x64) AppleWebKit/537.36 (KHTML, like Gecko) Chrome/86.0.4240.183 Safari/537.36"
::1 - - [08/Nov/2020:15:53:45 +0000] "GET /admin/add-product HTTP/1.1" 200 - "http://localhost:5000/orders" "Mozilla/5.0 (Windows NT 10.0; Win64; x64) AppleWebKit/537.36 (KHTML, like Gecko) Chrome/86.0.4240.183 Safari/537.36"
::1 - - [08/Nov/2020:15:53:45 +0000] "GET /css/main.css HTTP/1.1" 304 - "http://localhost:5000/admin/add-product" "Mozilla/5.0 (Windows NT 10.0; Win64; x64) AppleWebKit/537.36 (KHTML, like Gecko) Chrome/86.0.4240.183 Safari/537.36"
::1 - - [08/Nov/2020:15:53:45 +0000] "GET /css/forms.css HTTP/1.1" 304 - "http://localhost:5000/admin/add-product" "Mozilla/5.0 (Windows NT 10.0; Win64; x64) AppleWebKit/537.36 (KHTML, like Gecko) Chrome/86.0.4240.183 Safari/537.36"
::1 - - [08/Nov/2020:15:53:45 +0000] "GET /css/product.css HTTP/1.1" 304 - "http://localhost:5000/admin/add-product" "Mozilla/5.0 (Windows NT 10.0; Win64; x64) AppleWebKit/537.36 (KHTML, like Gecko) Chrome/86.0.4240.183 Safari/537.36"
::1 - - [08/Nov/2020:15:53:45 +0000] "GET /js/main.js HTTP/1.1" 304 - "http://localhost:5000/admin/add-product" "Mozilla/5.0 (Windows NT 10.0; Win64; x64) AppleWebKit/537.36 (KHTML, like Gecko) Chrome/86.0.4240.183 Safari/537.36"
::1 - - [08/Nov/2020:15:53:47 +0000] "GET /admin/products HTTP/1.1" 200 - "http://localhost:5000/admin/add-product" "Mozilla/5.0 (Windows NT 10.0; Win64; x64) AppleWebKit/537.36 (KHTML, like Gecko) Chrome/86.0.4240.183 Safari/537.36"
::1 - - [08/Nov/2020:15:53:47 +0000] "GET /css/main.css HTTP/1.1" 304 - "http://localhost:5000/admin/products" "Mozilla/5.0 (Windows NT 10.0; Win64; x64) AppleWebKit/537.36 (KHTML, like Gecko) Chrome/86.0.4240.183 Safari/537.36"
::1 - - [08/Nov/2020:15:53:47 +0000] "GET /css/product.css HTTP/1.1" 304 - "http://localhost:5000/admin/products" "Mozilla/5.0 (Windows NT 10.0; Win64; x64) AppleWebKit/537.36 (KHTML, like Gecko) Chrome/86.0.4240.183 Safari/537.36"
::1 - - [08/Nov/2020:15:53:47 +0000] "GET /js/main.js HTTP/1.1" 304 - "http://localhost:5000/admin/products" "Mozilla/5.0 (Windows NT 10.0; Win64; x64) AppleWebKit/537.36 (KHTML, like Gecko) Chrome/86.0.4240.183 Safari/537.36"
::1 - - [08/Nov/2020:15:53:47 +0000] "GET /js/admin.js HTTP/1.1" 200 581 "http://localhost:5000/admin/products" "Mozilla/5.0 (Windows NT 10.0; Win64; x64) AppleWebKit/537.36 (KHTML, like Gecko) Chrome/86.0.4240.183 Safari/537.36"
::1 - - [08/Nov/2020:15:53:48 +0000] "GET /images/55870747719-220857.jpg HTTP/1.1" 404 - "http://localhost:5000/admin/products" "Mozilla/5.0 (Windows NT 10.0; Win64; x64) AppleWebKit/537.36 (KHTML, like Gecko) Chrome/86.0.4240.183 Safari/537.36"
::1 - - [08/Nov/2020:15:53:49 +0000] "GET / HTTP/1.1" 200 - "http://localhost:5000/admin/products" "Mozilla/5.0 (Windows NT 10.0; Win64; x64) AppleWebKit/537.36 (KHTML, like Gecko) Chrome/86.0.4240.183 Safari/537.36"
::1 - - [08/Nov/2020:15:53:49 +0000] "GET /css/main.css HTTP/1.1" 304 - "http://localhost:5000/" "Mozilla/5.0 (Windows NT 10.0; Win64; x64) AppleWebKit/537.36 (KHTML, like Gecko) Chrome/86.0.4240.183 Safari/537.36"
::1 - - [08/Nov/2020:15:53:49 +0000] "GET /css/product.css HTTP/1.1" 304 - "http://localhost:5000/" "Mozilla/5.0 (Windows NT 10.0; Win64; x64) AppleWebKit/537.36 (KHTML, like Gecko) Chrome/86.0.4240.183 Safari/537.36"
::1 - - [08/Nov/2020:15:53:49 +0000] "GET /js/main.js HTTP/1.1" 304 - "http://localhost:5000/" "Mozilla/5.0 (Windows NT 10.0; Win64; x64) AppleWebKit/537.36 (KHTML, like Gecko) Chrome/86.0.4240.183 Safari/537.36"
::1 - - [08/Nov/2020:15:53:50 +0000] "GET /images/55870747719-220857.jpg HTTP/1.1" 404 - "http://localhost:5000/" "Mozilla/5.0 (Windows NT 10.0; Win64; x64) AppleWebKit/537.36 (KHTML, like Gecko) Chrome/86.0.4240.183 Safari/537.36"
::1 - - [08/Nov/2020:15:53:52 +0000] "POST /logout HTTP/1.1" 302 46 "http://localhost:5000/" "Mozilla/5.0 (Windows NT 10.0; Win64; x64) AppleWebKit/537.36 (KHTML, like Gecko) Chrome/86.0.4240.183 Safari/537.36"
::1 - - [08/Nov/2020:15:53:52 +0000] "GET / HTTP/1.1" 200 - "http://localhost:5000/" "Mozilla/5.0 (Windows NT 10.0; Win64; x64) AppleWebKit/537.36 (KHTML, like Gecko) Chrome/86.0.4240.183 Safari/537.36"
::1 - - [08/Nov/2020:15:53:52 +0000] "GET /css/main.css HTTP/1.1" 304 - "http://localhost:5000/" "Mozilla/5.0 (Windows NT 10.0; Win64; x64) AppleWebKit/537.36 (KHTML, like Gecko) Chrome/86.0.4240.183 Safari/537.36"
::1 - - [08/Nov/2020:15:53:52 +0000] "GET /css/product.css HTTP/1.1" 304 - "http://localhost:5000/" "Mozilla/5.0 (Windows NT 10.0; Win64; x64) AppleWebKit/537.36 (KHTML, like Gecko) Chrome/86.0.4240.183 Safari/537.36"
::1 - - [08/Nov/2020:15:53:53 +0000] "GET /js/main.js HTTP/1.1" 304 - "http://localhost:5000/" "Mozilla/5.0 (Windows NT 10.0; Win64; x64) AppleWebKit/537.36 (KHTML, like Gecko) Chrome/86.0.4240.183 Safari/537.36"
::1 - - [08/Nov/2020:15:53:53 +0000] "GET /images/55870747719-220857.jpg HTTP/1.1" 404 - "http://localhost:5000/" "Mozilla/5.0 (Windows NT 10.0; Win64; x64) AppleWebKit/537.36 (KHTML, like Gecko) Chrome/86.0.4240.183 Safari/537.36"
::1 - - [08/Nov/2020:15:53:54 +0000] "GET /signup HTTP/1.1" 200 - "http://localhost:5000/" "Mozilla/5.0 (Windows NT 10.0; Win64; x64) AppleWebKit/537.36 (KHTML, like Gecko) Chrome/86.0.4240.183 Safari/537.36"
::1 - - [08/Nov/2020:15:53:54 +0000] "GET /css/main.css HTTP/1.1" 304 - "http://localhost:5000/signup" "Mozilla/5.0 (Windows NT 10.0; Win64; x64) AppleWebKit/537.36 (KHTML, like Gecko) Chrome/86.0.4240.183 Safari/537.36"
::1 - - [08/Nov/2020:15:53:54 +0000] "GET /css/forms.css HTTP/1.1" 304 - "http://localhost:5000/signup" "Mozilla/5.0 (Windows NT 10.0; Win64; x64) AppleWebKit/537.36 (KHTML, like Gecko) Chrome/86.0.4240.183 Safari/537.36"
::1 - - [08/Nov/2020:15:53:54 +0000] "GET /css/auth.css HTTP/1.1" 304 - "http://localhost:5000/signup" "Mozilla/5.0 (Windows NT 10.0; Win64; x64) AppleWebKit/537.36 (KHTML, like Gecko) Chrome/86.0.4240.183 Safari/537.36"
::1 - - [08/Nov/2020:15:53:54 +0000] "GET /js/main.js HTTP/1.1" 304 - "http://localhost:5000/signup" "Mozilla/5.0 (Windows NT 10.0; Win64; x64) AppleWebKit/537.36 (KHTML, like Gecko) Chrome/86.0.4240.183 Safari/537.36"
::1 - - [08/Nov/2020:15:54:04 +0000] "POST /signup HTTP/1.1" 302 56 "http://localhost:5000/signup" "Mozilla/5.0 (Windows NT 10.0; Win64; x64) AppleWebKit/537.36 (KHTML, like Gecko) Chrome/86.0.4240.183 Safari/537.36"
::1 - - [08/Nov/2020:15:54:04 +0000] "GET /login HTTP/1.1" 200 - "http://localhost:5000/signup" "Mozilla/5.0 (Windows NT 10.0; Win64; x64) AppleWebKit/537.36 (KHTML, like Gecko) Chrome/86.0.4240.183 Safari/537.36"
::1 - - [08/Nov/2020:15:54:04 +0000] "GET /css/main.css HTTP/1.1" 304 - "http://localhost:5000/login" "Mozilla/5.0 (Windows NT 10.0; Win64; x64) AppleWebKit/537.36 (KHTML, like Gecko) Chrome/86.0.4240.183 Safari/537.36"
::1 - - [08/Nov/2020:15:54:04 +0000] "GET /css/forms.css HTTP/1.1" 304 - "http://localhost:5000/login" "Mozilla/5.0 (Windows NT 10.0; Win64; x64) AppleWebKit/537.36 (KHTML, like Gecko) Chrome/86.0.4240.183 Safari/537.36"
::1 - - [08/Nov/2020:15:54:04 +0000] "GET /css/auth.css HTTP/1.1" 304 - "http://localhost:5000/login" "Mozilla/5.0 (Windows NT 10.0; Win64; x64) AppleWebKit/537.36 (KHTML, like Gecko) Chrome/86.0.4240.183 Safari/537.36"
::1 - - [08/Nov/2020:15:54:04 +0000] "GET /js/main.js HTTP/1.1" 304 - "http://localhost:5000/login" "Mozilla/5.0 (Windows NT 10.0; Win64; x64) AppleWebKit/537.36 (KHTML, like Gecko) Chrome/86.0.4240.183 Safari/537.36"
::1 - - [08/Nov/2020:15:54:12 +0000] "POST /login HTTP/1.1" 302 46 "http://localhost:5000/login" "Mozilla/5.0 (Windows NT 10.0; Win64; x64) AppleWebKit/537.36 (KHTML, like Gecko) Chrome/86.0.4240.183 Safari/537.36"
::1 - - [08/Nov/2020:15:54:12 +0000] "GET / HTTP/1.1" 200 - "http://localhost:5000/login" "Mozilla/5.0 (Windows NT 10.0; Win64; x64) AppleWebKit/537.36 (KHTML, like Gecko) Chrome/86.0.4240.183 Safari/537.36"
::1 - - [08/Nov/2020:15:54:12 +0000] "GET /css/main.css HTTP/1.1" 304 - "http://localhost:5000/" "Mozilla/5.0 (Windows NT 10.0; Win64; x64) AppleWebKit/537.36 (KHTML, like Gecko) Chrome/86.0.4240.183 Safari/537.36"
::1 - - [08/Nov/2020:15:54:12 +0000] "GET /css/product.css HTTP/1.1" 304 - "http://localhost:5000/" "Mozilla/5.0 (Windows NT 10.0; Win64; x64) AppleWebKit/537.36 (KHTML, like Gecko) Chrome/86.0.4240.183 Safari/537.36"
::1 - - [08/Nov/2020:15:54:13 +0000] "GET /js/main.js HTTP/1.1" 304 - "http://localhost:5000/" "Mozilla/5.0 (Windows NT 10.0; Win64; x64) AppleWebKit/537.36 (KHTML, like Gecko) Chrome/86.0.4240.183 Safari/537.36"
::1 - - [08/Nov/2020:15:54:13 +0000] "GET /images/55870747719-220857.jpg HTTP/1.1" 404 - "http://localhost:5000/" "Mozilla/5.0 (Windows NT 10.0; Win64; x64) AppleWebKit/537.36 (KHTML, like Gecko) Chrome/86.0.4240.183 Safari/537.36"
::1 - - [08/Nov/2020:15:54:16 +0000] "POST /cart HTTP/1.1" 302 54 "http://localhost:5000/" "Mozilla/5.0 (Windows NT 10.0; Win64; x64) AppleWebKit/537.36 (KHTML, like Gecko) Chrome/86.0.4240.183 Safari/537.36"
::1 - - [08/Nov/2020:15:54:17 +0000] "GET /cart HTTP/1.1" 200 - "http://localhost:5000/" "Mozilla/5.0 (Windows NT 10.0; Win64; x64) AppleWebKit/537.36 (KHTML, like Gecko) Chrome/86.0.4240.183 Safari/537.36"
::1 - - [08/Nov/2020:15:54:17 +0000] "GET /css/main.css HTTP/1.1" 304 - "http://localhost:5000/cart" "Mozilla/5.0 (Windows NT 10.0; Win64; x64) AppleWebKit/537.36 (KHTML, like Gecko) Chrome/86.0.4240.183 Safari/537.36"
::1 - - [08/Nov/2020:15:54:17 +0000] "GET /css/cart.css HTTP/1.1" 304 - "http://localhost:5000/cart" "Mozilla/5.0 (Windows NT 10.0; Win64; x64) AppleWebKit/537.36 (KHTML, like Gecko) Chrome/86.0.4240.183 Safari/537.36"
::1 - - [08/Nov/2020:15:54:17 +0000] "GET /js/main.js HTTP/1.1" 304 - "http://localhost:5000/cart" "Mozilla/5.0 (Windows NT 10.0; Win64; x64) AppleWebKit/537.36 (KHTML, like Gecko) Chrome/86.0.4240.183 Safari/537.36"
::1 - - [08/Nov/2020:15:54:20 +0000] "GET /checkout HTTP/1.1" 200 - "http://localhost:5000/cart" "Mozilla/5.0 (Windows NT 10.0; Win64; x64) AppleWebKit/537.36 (KHTML, like Gecko) Chrome/86.0.4240.183 Safari/537.36"
::1 - - [08/Nov/2020:15:54:20 +0000] "GET /css/main.css HTTP/1.1" 304 - "http://localhost:5000/checkout" "Mozilla/5.0 (Windows NT 10.0; Win64; x64) AppleWebKit/537.36 (KHTML, like Gecko) Chrome/86.0.4240.183 Safari/537.36"
::1 - - [08/Nov/2020:15:54:20 +0000] "GET /css/cart.css HTTP/1.1" 304 - "http://localhost:5000/checkout" "Mozilla/5.0 (Windows NT 10.0; Win64; x64) AppleWebKit/537.36 (KHTML, like Gecko) Chrome/86.0.4240.183 Safari/537.36"
::1 - - [08/Nov/2020:15:54:20 +0000] "GET /js/main.js HTTP/1.1" 304 - "http://localhost:5000/checkout" "Mozilla/5.0 (Windows NT 10.0; Win64; x64) AppleWebKit/537.36 (KHTML, like Gecko) Chrome/86.0.4240.183 Safari/537.36"
::1 - - [08/Nov/2020:15:54:34 +0000] "GET /checkout/cancel HTTP/1.1" 200 - "-" "Mozilla/5.0 (Windows NT 10.0; Win64; x64) AppleWebKit/537.36 (KHTML, like Gecko) Chrome/86.0.4240.183 Safari/537.36"
::1 - - [08/Nov/2020:15:54:34 +0000] "GET /css/main.css HTTP/1.1" 304 - "http://localhost:5000/checkout/cancel" "Mozilla/5.0 (Windows NT 10.0; Win64; x64) AppleWebKit/537.36 (KHTML, like Gecko) Chrome/86.0.4240.183 Safari/537.36"
::1 - - [08/Nov/2020:15:54:34 +0000] "GET /css/cart.css HTTP/1.1" 304 - "http://localhost:5000/checkout/cancel" "Mozilla/5.0 (Windows NT 10.0; Win64; x64) AppleWebKit/537.36 (KHTML, like Gecko) Chrome/86.0.4240.183 Safari/537.36"
::1 - - [08/Nov/2020:15:54:34 +0000] "GET /js/main.js HTTP/1.1" 304 - "http://localhost:5000/checkout/cancel" "Mozilla/5.0 (Windows NT 10.0; Win64; x64) AppleWebKit/537.36 (KHTML, like Gecko) Chrome/86.0.4240.183 Safari/537.36"
::1 - - [08/Nov/2020:15:56:13 +0000] "GET /checkout/success HTTP/1.1" 302 58 "-" "Mozilla/5.0 (Windows NT 10.0; Win64; x64) AppleWebKit/537.36 (KHTML, like Gecko) Chrome/86.0.4240.183 Safari/537.36"
::1 - - [08/Nov/2020:15:56:14 +0000] "GET /orders HTTP/1.1" 200 - "-" "Mozilla/5.0 (Windows NT 10.0; Win64; x64) AppleWebKit/537.36 (KHTML, like Gecko) Chrome/86.0.4240.183 Safari/537.36"
::1 - - [08/Nov/2020:15:56:14 +0000] "GET /css/main.css HTTP/1.1" 304 - "http://localhost:5000/orders" "Mozilla/5.0 (Windows NT 10.0; Win64; x64) AppleWebKit/537.36 (KHTML, like Gecko) Chrome/86.0.4240.183 Safari/537.36"
::1 - - [08/Nov/2020:15:56:14 +0000] "GET /css/orders.css HTTP/1.1" 304 - "http://localhost:5000/orders" "Mozilla/5.0 (Windows NT 10.0; Win64; x64) AppleWebKit/537.36 (KHTML, like Gecko) Chrome/86.0.4240.183 Safari/537.36"
::1 - - [08/Nov/2020:15:56:14 +0000] "GET /js/main.js HTTP/1.1" 304 - "http://localhost:5000/orders" "Mozilla/5.0 (Windows NT 10.0; Win64; x64) AppleWebKit/537.36 (KHTML, like Gecko) Chrome/86.0.4240.183 Safari/537.36"
::1 - - [08/Nov/2020:15:56:18 +0000] "GET /orders/5fa8151dc3df5c2058f69eab HTTP/1.1" 200 - "http://localhost:5000/orders" "Mozilla/5.0 (Windows NT 10.0; Win64; x64) AppleWebKit/537.36 (KHTML, like Gecko) Chrome/86.0.4240.183 Safari/537.36"
::1 - - [08/Nov/2020:15:57:44 +0000] "GET / HTTP/1.1" 200 - "http://localhost:5000/orders" "Mozilla/5.0 (Windows NT 10.0; Win64; x64) AppleWebKit/537.36 (KHTML, like Gecko) Chrome/86.0.4240.183 Safari/537.36"
::1 - - [08/Nov/2020:15:57:44 +0000] "GET /css/main.css HTTP/1.1" 304 - "http://localhost:5000/" "Mozilla/5.0 (Windows NT 10.0; Win64; x64) AppleWebKit/537.36 (KHTML, like Gecko) Chrome/86.0.4240.183 Safari/537.36"
::1 - - [08/Nov/2020:15:57:44 +0000] "GET /css/product.css HTTP/1.1" 304 - "http://localhost:5000/" "Mozilla/5.0 (Windows NT 10.0; Win64; x64) AppleWebKit/537.36 (KHTML, like Gecko) Chrome/86.0.4240.183 Safari/537.36"
::1 - - [08/Nov/2020:15:57:44 +0000] "GET /js/main.js HTTP/1.1" 304 - "http://localhost:5000/" "Mozilla/5.0 (Windows NT 10.0; Win64; x64) AppleWebKit/537.36 (KHTML, like Gecko) Chrome/86.0.4240.183 Safari/537.36"
::1 - - [08/Nov/2020:15:57:44 +0000] "GET /images/55870747719-220857.jpg HTTP/1.1" 404 - "http://localhost:5000/" "Mozilla/5.0 (Windows NT 10.0; Win64; x64) AppleWebKit/537.36 (KHTML, like Gecko) Chrome/86.0.4240.183 Safari/537.36"
::1 - - [08/Nov/2020:15:57:45 +0000] "GET /admin/add-product HTTP/1.1" 200 - "http://localhost:5000/" "Mozilla/5.0 (Windows NT 10.0; Win64; x64) AppleWebKit/537.36 (KHTML, like Gecko) Chrome/86.0.4240.183 Safari/537.36"
::1 - - [08/Nov/2020:15:57:45 +0000] "GET /css/main.css HTTP/1.1" 304 - "http://localhost:5000/admin/add-product" "Mozilla/5.0 (Windows NT 10.0; Win64; x64) AppleWebKit/537.36 (KHTML, like Gecko) Chrome/86.0.4240.183 Safari/537.36"
::1 - - [08/Nov/2020:15:57:45 +0000] "GET /css/forms.css HTTP/1.1" 304 - "http://localhost:5000/admin/add-product" "Mozilla/5.0 (Windows NT 10.0; Win64; x64) AppleWebKit/537.36 (KHTML, like Gecko) Chrome/86.0.4240.183 Safari/537.36"
::1 - - [08/Nov/2020:15:57:45 +0000] "GET /css/product.css HTTP/1.1" 304 - "http://localhost:5000/admin/add-product" "Mozilla/5.0 (Windows NT 10.0; Win64; x64) AppleWebKit/537.36 (KHTML, like Gecko) Chrome/86.0.4240.183 Safari/537.36"
::1 - - [08/Nov/2020:15:57:45 +0000] "GET /js/main.js HTTP/1.1" 304 - "http://localhost:5000/admin/add-product" "Mozilla/5.0 (Windows NT 10.0; Win64; x64) AppleWebKit/537.36 (KHTML, like Gecko) Chrome/86.0.4240.183 Safari/537.36"
::1 - - [08/Nov/2020:15:57:46 +0000] "GET /admin/products HTTP/1.1" 200 - "http://localhost:5000/admin/add-product" "Mozilla/5.0 (Windows NT 10.0; Win64; x64) AppleWebKit/537.36 (KHTML, like Gecko) Chrome/86.0.4240.183 Safari/537.36"
::1 - - [08/Nov/2020:15:57:46 +0000] "GET /css/main.css HTTP/1.1" 304 - "http://localhost:5000/admin/products" "Mozilla/5.0 (Windows NT 10.0; Win64; x64) AppleWebKit/537.36 (KHTML, like Gecko) Chrome/86.0.4240.183 Safari/537.36"
::1 - - [08/Nov/2020:15:57:46 +0000] "GET /css/product.css HTTP/1.1" 304 - "http://localhost:5000/admin/products" "Mozilla/5.0 (Windows NT 10.0; Win64; x64) AppleWebKit/537.36 (KHTML, like Gecko) Chrome/86.0.4240.183 Safari/537.36"
::1 - - [08/Nov/2020:15:57:46 +0000] "GET /js/main.js HTTP/1.1" 304 - "http://localhost:5000/admin/products" "Mozilla/5.0 (Windows NT 10.0; Win64; x64) AppleWebKit/537.36 (KHTML, like Gecko) Chrome/86.0.4240.183 Safari/537.36"
::1 - - [08/Nov/2020:15:57:46 +0000] "GET /js/admin.js HTTP/1.1" 304 - "http://localhost:5000/admin/products" "Mozilla/5.0 (Windows NT 10.0; Win64; x64) AppleWebKit/537.36 (KHTML, like Gecko) Chrome/86.0.4240.183 Safari/537.36"
::1 - - [08/Nov/2020:15:57:48 +0000] "GET /products HTTP/1.1" 200 - "http://localhost:5000/admin/products" "Mozilla/5.0 (Windows NT 10.0; Win64; x64) AppleWebKit/537.36 (KHTML, like Gecko) Chrome/86.0.4240.183 Safari/537.36"
::1 - - [08/Nov/2020:15:57:48 +0000] "GET /css/main.css HTTP/1.1" 304 - "http://localhost:5000/products" "Mozilla/5.0 (Windows NT 10.0; Win64; x64) AppleWebKit/537.36 (KHTML, like Gecko) Chrome/86.0.4240.183 Safari/537.36"
::1 - - [08/Nov/2020:15:57:48 +0000] "GET /css/product.css HTTP/1.1" 304 - "http://localhost:5000/products" "Mozilla/5.0 (Windows NT 10.0; Win64; x64) AppleWebKit/537.36 (KHTML, like Gecko) Chrome/86.0.4240.183 Safari/537.36"
::1 - - [08/Nov/2020:15:57:48 +0000] "GET /js/main.js HTTP/1.1" 304 - "http://localhost:5000/products" "Mozilla/5.0 (Windows NT 10.0; Win64; x64) AppleWebKit/537.36 (KHTML, like Gecko) Chrome/86.0.4240.183 Safari/537.36"
::1 - - [08/Nov/2020:15:57:48 +0000] "GET /images/55870747719-220857.jpg HTTP/1.1" 404 - "http://localhost:5000/products" "Mozilla/5.0 (Windows NT 10.0; Win64; x64) AppleWebKit/537.36 (KHTML, like Gecko) Chrome/86.0.4240.183 Safari/537.36"
::1 - - [08/Nov/2020:15:57:58 +0000] "GET / HTTP/1.1" 200 - "http://localhost:5000/products" "Mozilla/5.0 (Windows NT 10.0; Win64; x64) AppleWebKit/537.36 (KHTML, like Gecko) Chrome/86.0.4240.183 Safari/537.36"
::1 - - [08/Nov/2020:15:57:58 +0000] "GET /css/main.css HTTP/1.1" 304 - "http://localhost:5000/" "Mozilla/5.0 (Windows NT 10.0; Win64; x64) AppleWebKit/537.36 (KHTML, like Gecko) Chrome/86.0.4240.183 Safari/537.36"
::1 - - [08/Nov/2020:15:57:58 +0000] "GET /css/product.css HTTP/1.1" 304 - "http://localhost:5000/" "Mozilla/5.0 (Windows NT 10.0; Win64; x64) AppleWebKit/537.36 (KHTML, like Gecko) Chrome/86.0.4240.183 Safari/537.36"
::1 - - [08/Nov/2020:15:57:58 +0000] "GET /js/main.js HTTP/1.1" 304 - "http://localhost:5000/" "Mozilla/5.0 (Windows NT 10.0; Win64; x64) AppleWebKit/537.36 (KHTML, like Gecko) Chrome/86.0.4240.183 Safari/537.36"
::1 - - [08/Nov/2020:15:57:58 +0000] "GET /images/55870747719-220857.jpg HTTP/1.1" 404 - "http://localhost:5000/" "Mozilla/5.0 (Windows NT 10.0; Win64; x64) AppleWebKit/537.36 (KHTML, like Gecko) Chrome/86.0.4240.183 Safari/537.36"
::1 - - [08/Nov/2020:15:58:01 +0000] "GET /products HTTP/1.1" 200 - "http://localhost:5000/" "Mozilla/5.0 (Windows NT 10.0; Win64; x64) AppleWebKit/537.36 (KHTML, like Gecko) Chrome/86.0.4240.183 Safari/537.36"
::1 - - [08/Nov/2020:15:58:01 +0000] "GET /css/main.css HTTP/1.1" 304 - "http://localhost:5000/products" "Mozilla/5.0 (Windows NT 10.0; Win64; x64) AppleWebKit/537.36 (KHTML, like Gecko) Chrome/86.0.4240.183 Safari/537.36"
::1 - - [08/Nov/2020:15:58:01 +0000] "GET /css/product.css HTTP/1.1" 304 - "http://localhost:5000/products" "Mozilla/5.0 (Windows NT 10.0; Win64; x64) AppleWebKit/537.36 (KHTML, like Gecko) Chrome/86.0.4240.183 Safari/537.36"
::1 - - [08/Nov/2020:15:58:01 +0000] "GET /js/main.js HTTP/1.1" 304 - "http://localhost:5000/products" "Mozilla/5.0 (Windows NT 10.0; Win64; x64) AppleWebKit/537.36 (KHTML, like Gecko) Chrome/86.0.4240.183 Safari/537.36"
::1 - - [08/Nov/2020:15:58:01 +0000] "GET /images/55870747719-220857.jpg HTTP/1.1" 404 - "http://localhost:5000/products" "Mozilla/5.0 (Windows NT 10.0; Win64; x64) AppleWebKit/537.36 (KHTML, like Gecko) Chrome/86.0.4240.183 Safari/537.36"
::1 - - [08/Nov/2020:15:58:02 +0000] "GET /cart HTTP/1.1" 200 - "http://localhost:5000/products" "Mozilla/5.0 (Windows NT 10.0; Win64; x64) AppleWebKit/537.36 (KHTML, like Gecko) Chrome/86.0.4240.183 Safari/537.36"
::1 - - [08/Nov/2020:15:58:03 +0000] "GET /css/main.css HTTP/1.1" 304 - "http://localhost:5000/cart" "Mozilla/5.0 (Windows NT 10.0; Win64; x64) AppleWebKit/537.36 (KHTML, like Gecko) Chrome/86.0.4240.183 Safari/537.36"
::1 - - [08/Nov/2020:15:58:03 +0000] "GET /css/cart.css HTTP/1.1" 304 - "http://localhost:5000/cart" "Mozilla/5.0 (Windows NT 10.0; Win64; x64) AppleWebKit/537.36 (KHTML, like Gecko) Chrome/86.0.4240.183 Safari/537.36"
::1 - - [08/Nov/2020:15:58:03 +0000] "GET /js/main.js HTTP/1.1" 304 - "http://localhost:5000/cart" "Mozilla/5.0 (Windows NT 10.0; Win64; x64) AppleWebKit/537.36 (KHTML, like Gecko) Chrome/86.0.4240.183 Safari/537.36"
::1 - - [08/Nov/2020:15:58:05 +0000] "GET /orders HTTP/1.1" 200 - "http://localhost:5000/cart" "Mozilla/5.0 (Windows NT 10.0; Win64; x64) AppleWebKit/537.36 (KHTML, like Gecko) Chrome/86.0.4240.183 Safari/537.36"
::1 - - [08/Nov/2020:15:58:05 +0000] "GET /css/main.css HTTP/1.1" 304 - "http://localhost:5000/orders" "Mozilla/5.0 (Windows NT 10.0; Win64; x64) AppleWebKit/537.36 (KHTML, like Gecko) Chrome/86.0.4240.183 Safari/537.36"
::1 - - [08/Nov/2020:15:58:05 +0000] "GET /css/orders.css HTTP/1.1" 304 - "http://localhost:5000/orders" "Mozilla/5.0 (Windows NT 10.0; Win64; x64) AppleWebKit/537.36 (KHTML, like Gecko) Chrome/86.0.4240.183 Safari/537.36"
::1 - - [08/Nov/2020:15:58:05 +0000] "GET /js/main.js HTTP/1.1" 304 - "http://localhost:5000/orders" "Mozilla/5.0 (Windows NT 10.0; Win64; x64) AppleWebKit/537.36 (KHTML, like Gecko) Chrome/86.0.4240.183 Safari/537.36"
::1 - - [08/Nov/2020:15:58:07 +0000] "GET /orders/5fa8151dc3df5c2058f69eab HTTP/1.1" 200 - "http://localhost:5000/orders" "Mozilla/5.0 (Windows NT 10.0; Win64; x64) AppleWebKit/537.36 (KHTML, like Gecko) Chrome/86.0.4240.183 Safari/537.36"
::1 - - [08/Nov/2020:15:58:10 +0000] "GET / HTTP/1.1" 200 - "http://localhost:5000/orders" "Mozilla/5.0 (Windows NT 10.0; Win64; x64) AppleWebKit/537.36 (KHTML, like Gecko) Chrome/86.0.4240.183 Safari/537.36"
::1 - - [08/Nov/2020:15:58:10 +0000] "GET /css/main.css HTTP/1.1" 304 - "http://localhost:5000/" "Mozilla/5.0 (Windows NT 10.0; Win64; x64) AppleWebKit/537.36 (KHTML, like Gecko) Chrome/86.0.4240.183 Safari/537.36"
::1 - - [08/Nov/2020:15:58:10 +0000] "GET /css/product.css HTTP/1.1" 304 - "http://localhost:5000/" "Mozilla/5.0 (Windows NT 10.0; Win64; x64) AppleWebKit/537.36 (KHTML, like Gecko) Chrome/86.0.4240.183 Safari/537.36"
::1 - - [08/Nov/2020:15:58:10 +0000] "GET /js/main.js HTTP/1.1" 304 - "http://localhost:5000/" "Mozilla/5.0 (Windows NT 10.0; Win64; x64) AppleWebKit/537.36 (KHTML, like Gecko) Chrome/86.0.4240.183 Safari/537.36"
::1 - - [08/Nov/2020:15:58:11 +0000] "GET /images/55870747719-220857.jpg HTTP/1.1" 404 - "http://localhost:5000/" "Mozilla/5.0 (Windows NT 10.0; Win64; x64) AppleWebKit/537.36 (KHTML, like Gecko) Chrome/86.0.4240.183 Safari/537.36"
::1 - - [09/Nov/2020:21:12:49 +0000] "GET / HTTP/1.1" 200 - "-" "Mozilla/5.0 (Windows NT 10.0; Win64; x64) AppleWebKit/537.36 (KHTML, like Gecko) Chrome/86.0.4240.193 Safari/537.36"
::1 - - [09/Nov/2020:21:12:49 +0000] "GET /css/main.css HTTP/1.1" 304 - "http://localhost:5000/" "Mozilla/5.0 (Windows NT 10.0; Win64; x64) AppleWebKit/537.36 (KHTML, like Gecko) Chrome/86.0.4240.193 Safari/537.36"
::1 - - [09/Nov/2020:21:12:49 +0000] "GET /css/product.css HTTP/1.1" 304 - "http://localhost:5000/" "Mozilla/5.0 (Windows NT 10.0; Win64; x64) AppleWebKit/537.36 (KHTML, like Gecko) Chrome/86.0.4240.193 Safari/537.36"
::1 - - [09/Nov/2020:21:12:49 +0000] "GET /js/main.js HTTP/1.1" 304 - "http://localhost:5000/" "Mozilla/5.0 (Windows NT 10.0; Win64; x64) AppleWebKit/537.36 (KHTML, like Gecko) Chrome/86.0.4240.193 Safari/537.36"
::1 - - [09/Nov/2020:21:12:49 +0000] "GET /images/55870747719-220857.jpg HTTP/1.1" 404 - "http://localhost:5000/" "Mozilla/5.0 (Windows NT 10.0; Win64; x64) AppleWebKit/537.36 (KHTML, like Gecko) Chrome/86.0.4240.193 Safari/537.36"
::1 - - [09/Nov/2020:21:13:31 +0000] "GET /favicon.ico HTTP/1.1" 404 - "http://localhost:5000/" "Mozilla/5.0 (Windows NT 10.0; Win64; x64) AppleWebKit/537.36 (KHTML, like Gecko) Chrome/86.0.4240.193 Safari/537.36"
::1 - - [09/Nov/2020:21:13:53 +0000] "GET / HTTP/1.1" 304 - "-" "Mozilla/5.0 (Windows NT 10.0; Win64; x64) AppleWebKit/537.36 (KHTML, like Gecko) Chrome/86.0.4240.193 Safari/537.36"
::1 - - [09/Nov/2020:21:13:54 +0000] "GET /css/main.css HTTP/1.1" 304 - "http://localhost:5000/" "Mozilla/5.0 (Windows NT 10.0; Win64; x64) AppleWebKit/537.36 (KHTML, like Gecko) Chrome/86.0.4240.193 Safari/537.36"
::1 - - [09/Nov/2020:21:13:54 +0000] "GET /css/product.css HTTP/1.1" 304 - "http://localhost:5000/" "Mozilla/5.0 (Windows NT 10.0; Win64; x64) AppleWebKit/537.36 (KHTML, like Gecko) Chrome/86.0.4240.193 Safari/537.36"
::1 - - [09/Nov/2020:21:13:54 +0000] "GET /js/main.js HTTP/1.1" 304 - "http://localhost:5000/" "Mozilla/5.0 (Windows NT 10.0; Win64; x64) AppleWebKit/537.36 (KHTML, like Gecko) Chrome/86.0.4240.193 Safari/537.36"
::1 - - [09/Nov/2020:21:13:54 +0000] "GET /images/55870747719-220857.jpg HTTP/1.1" 404 - "http://localhost:5000/" "Mozilla/5.0 (Windows NT 10.0; Win64; x64) AppleWebKit/537.36 (KHTML, like Gecko) Chrome/86.0.4240.193 Safari/537.36"
::1 - - [09/Nov/2020:21:14:08 +0000] "GET /products/5e0f223cbe9f8900048a9eb3 HTTP/1.1" 200 - "http://localhost:5000/" "Mozilla/5.0 (Windows NT 10.0; Win64; x64) AppleWebKit/537.36 (KHTML, like Gecko) Chrome/86.0.4240.193 Safari/537.36"
::1 - - [09/Nov/2020:21:14:09 +0000] "GET /css/main.css HTTP/1.1" 304 - "http://localhost:5000/products/5e0f223cbe9f8900048a9eb3" "Mozilla/5.0 (Windows NT 10.0; Win64; x64) AppleWebKit/537.36 (KHTML, like Gecko) Chrome/86.0.4240.193 Safari/537.36"
::1 - - [09/Nov/2020:21:14:09 +0000] "GET /js/main.js HTTP/1.1" 304 - "http://localhost:5000/products/5e0f223cbe9f8900048a9eb3" "Mozilla/5.0 (Windows NT 10.0; Win64; x64) AppleWebKit/537.36 (KHTML, like Gecko) Chrome/86.0.4240.193 Safari/537.36"
::1 - - [09/Nov/2020:21:14:09 +0000] "GET /images/55870747719-220857.jpg HTTP/1.1" 404 - "http://localhost:5000/products/5e0f223cbe9f8900048a9eb3" "Mozilla/5.0 (Windows NT 10.0; Win64; x64) AppleWebKit/537.36 (KHTML, like Gecko) Chrome/86.0.4240.193 Safari/537.36"
::1 - - [09/Nov/2020:21:14:17 +0000] "GET / HTTP/1.1" 304 - "http://localhost:5000/products/5e0f223cbe9f8900048a9eb3" "Mozilla/5.0 (Windows NT 10.0; Win64; x64) AppleWebKit/537.36 (KHTML, like Gecko) Chrome/86.0.4240.193 Safari/537.36"
::1 - - [09/Nov/2020:21:14:17 +0000] "GET /css/main.css HTTP/1.1" 304 - "http://localhost:5000/" "Mozilla/5.0 (Windows NT 10.0; Win64; x64) AppleWebKit/537.36 (KHTML, like Gecko) Chrome/86.0.4240.193 Safari/537.36"
::1 - - [09/Nov/2020:21:14:17 +0000] "GET /css/product.css HTTP/1.1" 304 - "http://localhost:5000/" "Mozilla/5.0 (Windows NT 10.0; Win64; x64) AppleWebKit/537.36 (KHTML, like Gecko) Chrome/86.0.4240.193 Safari/537.36"
::1 - - [09/Nov/2020:21:14:17 +0000] "GET /js/main.js HTTP/1.1" 304 - "http://localhost:5000/" "Mozilla/5.0 (Windows NT 10.0; Win64; x64) AppleWebKit/537.36 (KHTML, like Gecko) Chrome/86.0.4240.193 Safari/537.36"
::1 - - [09/Nov/2020:21:14:17 +0000] "GET /images/55870747719-220857.jpg HTTP/1.1" 404 - "http://localhost:5000/" "Mozilla/5.0 (Windows NT 10.0; Win64; x64) AppleWebKit/537.36 (KHTML, like Gecko) Chrome/86.0.4240.193 Safari/537.36"
::1 - - [09/Nov/2020:21:14:18 +0000] "GET /login HTTP/1.1" 200 - "http://localhost:5000/" "Mozilla/5.0 (Windows NT 10.0; Win64; x64) AppleWebKit/537.36 (KHTML, like Gecko) Chrome/86.0.4240.193 Safari/537.36"
::1 - - [09/Nov/2020:21:14:18 +0000] "GET /css/main.css HTTP/1.1" 304 - "http://localhost:5000/login" "Mozilla/5.0 (Windows NT 10.0; Win64; x64) AppleWebKit/537.36 (KHTML, like Gecko) Chrome/86.0.4240.193 Safari/537.36"
::1 - - [09/Nov/2020:21:14:18 +0000] "GET /css/forms.css HTTP/1.1" 304 - "http://localhost:5000/login" "Mozilla/5.0 (Windows NT 10.0; Win64; x64) AppleWebKit/537.36 (KHTML, like Gecko) Chrome/86.0.4240.193 Safari/537.36"
::1 - - [09/Nov/2020:21:14:18 +0000] "GET /css/auth.css HTTP/1.1" 304 - "http://localhost:5000/login" "Mozilla/5.0 (Windows NT 10.0; Win64; x64) AppleWebKit/537.36 (KHTML, like Gecko) Chrome/86.0.4240.193 Safari/537.36"
::1 - - [09/Nov/2020:21:14:18 +0000] "GET /js/main.js HTTP/1.1" 304 - "http://localhost:5000/login" "Mozilla/5.0 (Windows NT 10.0; Win64; x64) AppleWebKit/537.36 (KHTML, like Gecko) Chrome/86.0.4240.193 Safari/537.36"
::1 - - [09/Nov/2020:21:14:26 +0000] "POST /login HTTP/1.1" 422 - "http://localhost:5000/login" "Mozilla/5.0 (Windows NT 10.0; Win64; x64) AppleWebKit/537.36 (KHTML, like Gecko) Chrome/86.0.4240.193 Safari/537.36"
::1 - - [09/Nov/2020:21:14:26 +0000] "GET /css/main.css HTTP/1.1" 304 - "http://localhost:5000/login" "Mozilla/5.0 (Windows NT 10.0; Win64; x64) AppleWebKit/537.36 (KHTML, like Gecko) Chrome/86.0.4240.193 Safari/537.36"
::1 - - [09/Nov/2020:21:14:26 +0000] "GET /css/forms.css HTTP/1.1" 304 - "http://localhost:5000/login" "Mozilla/5.0 (Windows NT 10.0; Win64; x64) AppleWebKit/537.36 (KHTML, like Gecko) Chrome/86.0.4240.193 Safari/537.36"
::1 - - [09/Nov/2020:21:14:26 +0000] "GET /css/auth.css HTTP/1.1" 304 - "http://localhost:5000/login" "Mozilla/5.0 (Windows NT 10.0; Win64; x64) AppleWebKit/537.36 (KHTML, like Gecko) Chrome/86.0.4240.193 Safari/537.36"
::1 - - [09/Nov/2020:21:14:26 +0000] "GET /js/main.js HTTP/1.1" 304 - "http://localhost:5000/login" "Mozilla/5.0 (Windows NT 10.0; Win64; x64) AppleWebKit/537.36 (KHTML, like Gecko) Chrome/86.0.4240.193 Safari/537.36"
::1 - - [09/Nov/2020:21:14:33 +0000] "POST /login HTTP/1.1" 302 46 "http://localhost:5000/login" "Mozilla/5.0 (Windows NT 10.0; Win64; x64) AppleWebKit/537.36 (KHTML, like Gecko) Chrome/86.0.4240.193 Safari/537.36"
::1 - - [09/Nov/2020:21:14:34 +0000] "GET / HTTP/1.1" 200 - "http://localhost:5000/login" "Mozilla/5.0 (Windows NT 10.0; Win64; x64) AppleWebKit/537.36 (KHTML, like Gecko) Chrome/86.0.4240.193 Safari/537.36"
::1 - - [09/Nov/2020:21:14:34 +0000] "GET /css/main.css HTTP/1.1" 304 - "http://localhost:5000/" "Mozilla/5.0 (Windows NT 10.0; Win64; x64) AppleWebKit/537.36 (KHTML, like Gecko) Chrome/86.0.4240.193 Safari/537.36"
::1 - - [09/Nov/2020:21:14:34 +0000] "GET /css/product.css HTTP/1.1" 304 - "http://localhost:5000/" "Mozilla/5.0 (Windows NT 10.0; Win64; x64) AppleWebKit/537.36 (KHTML, like Gecko) Chrome/86.0.4240.193 Safari/537.36"
::1 - - [09/Nov/2020:21:14:34 +0000] "GET /js/main.js HTTP/1.1" 304 - "http://localhost:5000/" "Mozilla/5.0 (Windows NT 10.0; Win64; x64) AppleWebKit/537.36 (KHTML, like Gecko) Chrome/86.0.4240.193 Safari/537.36"
::1 - - [09/Nov/2020:21:14:34 +0000] "GET /images/55870747719-220857.jpg HTTP/1.1" 404 - "http://localhost:5000/" "Mozilla/5.0 (Windows NT 10.0; Win64; x64) AppleWebKit/537.36 (KHTML, like Gecko) Chrome/86.0.4240.193 Safari/537.36"
::1 - - [09/Nov/2020:21:14:38 +0000] "POST /cart HTTP/1.1" 302 54 "http://localhost:5000/" "Mozilla/5.0 (Windows NT 10.0; Win64; x64) AppleWebKit/537.36 (KHTML, like Gecko) Chrome/86.0.4240.193 Safari/537.36"
::1 - - [09/Nov/2020:21:14:38 +0000] "GET /cart HTTP/1.1" - - "http://localhost:5000/" "Mozilla/5.0 (Windows NT 10.0; Win64; x64) AppleWebKit/537.36 (KHTML, like Gecko) Chrome/86.0.4240.193 Safari/537.36"
::1 - - [09/Nov/2020:21:14:39 +0000] "POST /cart HTTP/1.1" 302 54 "http://localhost:5000/" "Mozilla/5.0 (Windows NT 10.0; Win64; x64) AppleWebKit/537.36 (KHTML, like Gecko) Chrome/86.0.4240.193 Safari/537.36"
::1 - - [09/Nov/2020:21:14:39 +0000] "GET /cart HTTP/1.1" 200 - "http://localhost:5000/" "Mozilla/5.0 (Windows NT 10.0; Win64; x64) AppleWebKit/537.36 (KHTML, like Gecko) Chrome/86.0.4240.193 Safari/537.36"
::1 - - [09/Nov/2020:21:14:39 +0000] "GET /css/main.css HTTP/1.1" 304 - "http://localhost:5000/cart" "Mozilla/5.0 (Windows NT 10.0; Win64; x64) AppleWebKit/537.36 (KHTML, like Gecko) Chrome/86.0.4240.193 Safari/537.36"
::1 - - [09/Nov/2020:21:14:39 +0000] "GET /css/cart.css HTTP/1.1" 304 - "http://localhost:5000/cart" "Mozilla/5.0 (Windows NT 10.0; Win64; x64) AppleWebKit/537.36 (KHTML, like Gecko) Chrome/86.0.4240.193 Safari/537.36"
::1 - - [09/Nov/2020:21:14:39 +0000] "GET /js/main.js HTTP/1.1" 304 - "http://localhost:5000/cart" "Mozilla/5.0 (Windows NT 10.0; Win64; x64) AppleWebKit/537.36 (KHTML, like Gecko) Chrome/86.0.4240.193 Safari/537.36"
::1 - - [09/Nov/2020:21:14:42 +0000] "GET /checkout HTTP/1.1" 500 - "http://localhost:5000/cart" "Mozilla/5.0 (Windows NT 10.0; Win64; x64) AppleWebKit/537.36 (KHTML, like Gecko) Chrome/86.0.4240.193 Safari/537.36"
::1 - - [09/Nov/2020:21:14:42 +0000] "GET /css/main.css HTTP/1.1" 304 - "http://localhost:5000/checkout" "Mozilla/5.0 (Windows NT 10.0; Win64; x64) AppleWebKit/537.36 (KHTML, like Gecko) Chrome/86.0.4240.193 Safari/537.36"
::1 - - [09/Nov/2020:21:14:42 +0000] "GET /js/main.js HTTP/1.1" 304 - "http://localhost:5000/checkout" "Mozilla/5.0 (Windows NT 10.0; Win64; x64) AppleWebKit/537.36 (KHTML, like Gecko) Chrome/86.0.4240.193 Safari/537.36"
::1 - - [09/Nov/2020:21:14:46 +0000] "GET /cart HTTP/1.1" 200 - "http://localhost:5000/checkout" "Mozilla/5.0 (Windows NT 10.0; Win64; x64) AppleWebKit/537.36 (KHTML, like Gecko) Chrome/86.0.4240.193 Safari/537.36"
::1 - - [09/Nov/2020:21:14:46 +0000] "GET /css/main.css HTTP/1.1" 304 - "http://localhost:5000/cart" "Mozilla/5.0 (Windows NT 10.0; Win64; x64) AppleWebKit/537.36 (KHTML, like Gecko) Chrome/86.0.4240.193 Safari/537.36"
::1 - - [09/Nov/2020:21:14:46 +0000] "GET /css/cart.css HTTP/1.1" 304 - "http://localhost:5000/cart" "Mozilla/5.0 (Windows NT 10.0; Win64; x64) AppleWebKit/537.36 (KHTML, like Gecko) Chrome/86.0.4240.193 Safari/537.36"
::1 - - [09/Nov/2020:21:14:46 +0000] "GET /js/main.js HTTP/1.1" 304 - "http://localhost:5000/cart" "Mozilla/5.0 (Windows NT 10.0; Win64; x64) AppleWebKit/537.36 (KHTML, like Gecko) Chrome/86.0.4240.193 Safari/537.36"
::1 - - [09/Nov/2020:21:14:48 +0000] "GET /checkout HTTP/1.1" 500 - "http://localhost:5000/cart" "Mozilla/5.0 (Windows NT 10.0; Win64; x64) AppleWebKit/537.36 (KHTML, like Gecko) Chrome/86.0.4240.193 Safari/537.36"
::1 - - [09/Nov/2020:21:14:48 +0000] "GET /css/main.css HTTP/1.1" 304 - "http://localhost:5000/checkout" "Mozilla/5.0 (Windows NT 10.0; Win64; x64) AppleWebKit/537.36 (KHTML, like Gecko) Chrome/86.0.4240.193 Safari/537.36"
::1 - - [09/Nov/2020:21:14:48 +0000] "GET /js/main.js HTTP/1.1" 304 - "http://localhost:5000/checkout" "Mozilla/5.0 (Windows NT 10.0; Win64; x64) AppleWebKit/537.36 (KHTML, like Gecko) Chrome/86.0.4240.193 Safari/537.36"
::1 - - [09/Nov/2020:21:14:51 +0000] "GET /orders HTTP/1.1" 200 - "http://localhost:5000/checkout" "Mozilla/5.0 (Windows NT 10.0; Win64; x64) AppleWebKit/537.36 (KHTML, like Gecko) Chrome/86.0.4240.193 Safari/537.36"
::1 - - [09/Nov/2020:21:14:51 +0000] "GET /css/main.css HTTP/1.1" 304 - "http://localhost:5000/orders" "Mozilla/5.0 (Windows NT 10.0; Win64; x64) AppleWebKit/537.36 (KHTML, like Gecko) Chrome/86.0.4240.193 Safari/537.36"
::1 - - [09/Nov/2020:21:14:51 +0000] "GET /js/main.js HTTP/1.1" 304 - "http://localhost:5000/orders" "Mozilla/5.0 (Windows NT 10.0; Win64; x64) AppleWebKit/537.36 (KHTML, like Gecko) Chrome/86.0.4240.193 Safari/537.36"
::1 - - [09/Nov/2020:21:14:51 +0000] "GET /css/orders.css HTTP/1.1" 304 - "http://localhost:5000/orders" "Mozilla/5.0 (Windows NT 10.0; Win64; x64) AppleWebKit/537.36 (KHTML, like Gecko) Chrome/86.0.4240.193 Safari/537.36"
::1 - - [09/Nov/2020:21:14:54 +0000] "GET /admin/add-product HTTP/1.1" 200 - "http://localhost:5000/orders" "Mozilla/5.0 (Windows NT 10.0; Win64; x64) AppleWebKit/537.36 (KHTML, like Gecko) Chrome/86.0.4240.193 Safari/537.36"
::1 - - [09/Nov/2020:21:14:54 +0000] "GET /css/main.css HTTP/1.1" 304 - "http://localhost:5000/admin/add-product" "Mozilla/5.0 (Windows NT 10.0; Win64; x64) AppleWebKit/537.36 (KHTML, like Gecko) Chrome/86.0.4240.193 Safari/537.36"
::1 - - [09/Nov/2020:21:14:54 +0000] "GET /css/forms.css HTTP/1.1" 304 - "http://localhost:5000/admin/add-product" "Mozilla/5.0 (Windows NT 10.0; Win64; x64) AppleWebKit/537.36 (KHTML, like Gecko) Chrome/86.0.4240.193 Safari/537.36"
::1 - - [09/Nov/2020:21:14:54 +0000] "GET /css/product.css HTTP/1.1" 304 - "http://localhost:5000/admin/add-product" "Mozilla/5.0 (Windows NT 10.0; Win64; x64) AppleWebKit/537.36 (KHTML, like Gecko) Chrome/86.0.4240.193 Safari/537.36"
::1 - - [09/Nov/2020:21:14:54 +0000] "GET /js/main.js HTTP/1.1" 304 - "http://localhost:5000/admin/add-product" "Mozilla/5.0 (Windows NT 10.0; Win64; x64) AppleWebKit/537.36 (KHTML, like Gecko) Chrome/86.0.4240.193 Safari/537.36"
::1 - - [09/Nov/2020:21:14:56 +0000] "GET /products HTTP/1.1" 200 - "http://localhost:5000/admin/add-product" "Mozilla/5.0 (Windows NT 10.0; Win64; x64) AppleWebKit/537.36 (KHTML, like Gecko) Chrome/86.0.4240.193 Safari/537.36"
::1 - - [09/Nov/2020:21:14:56 +0000] "GET /css/main.css HTTP/1.1" 304 - "http://localhost:5000/products" "Mozilla/5.0 (Windows NT 10.0; Win64; x64) AppleWebKit/537.36 (KHTML, like Gecko) Chrome/86.0.4240.193 Safari/537.36"
::1 - - [09/Nov/2020:21:14:56 +0000] "GET /css/product.css HTTP/1.1" 304 - "http://localhost:5000/products" "Mozilla/5.0 (Windows NT 10.0; Win64; x64) AppleWebKit/537.36 (KHTML, like Gecko) Chrome/86.0.4240.193 Safari/537.36"
::1 - - [09/Nov/2020:21:14:56 +0000] "GET /js/main.js HTTP/1.1" 304 - "http://localhost:5000/products" "Mozilla/5.0 (Windows NT 10.0; Win64; x64) AppleWebKit/537.36 (KHTML, like Gecko) Chrome/86.0.4240.193 Safari/537.36"
::1 - - [09/Nov/2020:21:14:57 +0000] "GET /images/55870747719-220857.jpg HTTP/1.1" 404 - "http://localhost:5000/products" "Mozilla/5.0 (Windows NT 10.0; Win64; x64) AppleWebKit/537.36 (KHTML, like Gecko) Chrome/86.0.4240.193 Safari/537.36"
::1 - - [09/Nov/2020:21:14:57 +0000] "GET /orders HTTP/1.1" 200 - "http://localhost:5000/products" "Mozilla/5.0 (Windows NT 10.0; Win64; x64) AppleWebKit/537.36 (KHTML, like Gecko) Chrome/86.0.4240.193 Safari/537.36"
::1 - - [09/Nov/2020:21:14:57 +0000] "GET /css/main.css HTTP/1.1" 304 - "http://localhost:5000/orders" "Mozilla/5.0 (Windows NT 10.0; Win64; x64) AppleWebKit/537.36 (KHTML, like Gecko) Chrome/86.0.4240.193 Safari/537.36"
::1 - - [09/Nov/2020:21:14:57 +0000] "GET /css/orders.css HTTP/1.1" 304 - "http://localhost:5000/orders" "Mozilla/5.0 (Windows NT 10.0; Win64; x64) AppleWebKit/537.36 (KHTML, like Gecko) Chrome/86.0.4240.193 Safari/537.36"
::1 - - [09/Nov/2020:21:14:57 +0000] "GET /js/main.js HTTP/1.1" 304 - "http://localhost:5000/orders" "Mozilla/5.0 (Windows NT 10.0; Win64; x64) AppleWebKit/537.36 (KHTML, like Gecko) Chrome/86.0.4240.193 Safari/537.36"
::1 - - [09/Nov/2020:21:14:59 +0000] "GET /cart HTTP/1.1" 200 - "http://localhost:5000/orders" "Mozilla/5.0 (Windows NT 10.0; Win64; x64) AppleWebKit/537.36 (KHTML, like Gecko) Chrome/86.0.4240.193 Safari/537.36"
::1 - - [09/Nov/2020:21:14:59 +0000] "GET /css/main.css HTTP/1.1" 304 - "http://localhost:5000/cart" "Mozilla/5.0 (Windows NT 10.0; Win64; x64) AppleWebKit/537.36 (KHTML, like Gecko) Chrome/86.0.4240.193 Safari/537.36"
::1 - - [09/Nov/2020:21:14:59 +0000] "GET /css/cart.css HTTP/1.1" 304 - "http://localhost:5000/cart" "Mozilla/5.0 (Windows NT 10.0; Win64; x64) AppleWebKit/537.36 (KHTML, like Gecko) Chrome/86.0.4240.193 Safari/537.36"
::1 - - [09/Nov/2020:21:14:59 +0000] "GET /js/main.js HTTP/1.1" 304 - "http://localhost:5000/cart" "Mozilla/5.0 (Windows NT 10.0; Win64; x64) AppleWebKit/537.36 (KHTML, like Gecko) Chrome/86.0.4240.193 Safari/537.36"
::1 - - [09/Nov/2020:21:15:03 +0000] "POST /cart-delete-item HTTP/1.1" 302 54 "http://localhost:5000/cart" "Mozilla/5.0 (Windows NT 10.0; Win64; x64) AppleWebKit/537.36 (KHTML, like Gecko) Chrome/86.0.4240.193 Safari/537.36"
::1 - - [09/Nov/2020:21:15:04 +0000] "GET /cart HTTP/1.1" - - "http://localhost:5000/cart" "Mozilla/5.0 (Windows NT 10.0; Win64; x64) AppleWebKit/537.36 (KHTML, like Gecko) Chrome/86.0.4240.193 Safari/537.36"
::1 - - [09/Nov/2020:21:15:04 +0000] "POST /cart-delete-item HTTP/1.1" 302 54 "http://localhost:5000/cart" "Mozilla/5.0 (Windows NT 10.0; Win64; x64) AppleWebKit/537.36 (KHTML, like Gecko) Chrome/86.0.4240.193 Safari/537.36"
::1 - - [09/Nov/2020:21:15:04 +0000] "GET /cart HTTP/1.1" 200 - "http://localhost:5000/cart" "Mozilla/5.0 (Windows NT 10.0; Win64; x64) AppleWebKit/537.36 (KHTML, like Gecko) Chrome/86.0.4240.193 Safari/537.36"
::1 - - [09/Nov/2020:21:15:05 +0000] "GET /css/main.css HTTP/1.1" 304 - "http://localhost:5000/cart" "Mozilla/5.0 (Windows NT 10.0; Win64; x64) AppleWebKit/537.36 (KHTML, like Gecko) Chrome/86.0.4240.193 Safari/537.36"
::1 - - [09/Nov/2020:21:15:05 +0000] "GET /css/cart.css HTTP/1.1" 304 - "http://localhost:5000/cart" "Mozilla/5.0 (Windows NT 10.0; Win64; x64) AppleWebKit/537.36 (KHTML, like Gecko) Chrome/86.0.4240.193 Safari/537.36"
::1 - - [09/Nov/2020:21:15:05 +0000] "GET /js/main.js HTTP/1.1" 304 - "http://localhost:5000/cart" "Mozilla/5.0 (Windows NT 10.0; Win64; x64) AppleWebKit/537.36 (KHTML, like Gecko) Chrome/86.0.4240.193 Safari/537.36"
::1 - - [09/Nov/2020:21:15:06 +0000] "GET / HTTP/1.1" 200 - "http://localhost:5000/cart" "Mozilla/5.0 (Windows NT 10.0; Win64; x64) AppleWebKit/537.36 (KHTML, like Gecko) Chrome/86.0.4240.193 Safari/537.36"
::1 - - [09/Nov/2020:21:15:06 +0000] "GET /css/main.css HTTP/1.1" 304 - "http://localhost:5000/" "Mozilla/5.0 (Windows NT 10.0; Win64; x64) AppleWebKit/537.36 (KHTML, like Gecko) Chrome/86.0.4240.193 Safari/537.36"
::1 - - [09/Nov/2020:21:15:06 +0000] "GET /css/product.css HTTP/1.1" 304 - "http://localhost:5000/" "Mozilla/5.0 (Windows NT 10.0; Win64; x64) AppleWebKit/537.36 (KHTML, like Gecko) Chrome/86.0.4240.193 Safari/537.36"
::1 - - [09/Nov/2020:21:15:06 +0000] "GET /js/main.js HTTP/1.1" 304 - "http://localhost:5000/" "Mozilla/5.0 (Windows NT 10.0; Win64; x64) AppleWebKit/537.36 (KHTML, like Gecko) Chrome/86.0.4240.193 Safari/537.36"
::1 - - [09/Nov/2020:21:15:07 +0000] "GET /images/55870747719-220857.jpg HTTP/1.1" 404 - "http://localhost:5000/" "Mozilla/5.0 (Windows NT 10.0; Win64; x64) AppleWebKit/537.36 (KHTML, like Gecko) Chrome/86.0.4240.193 Safari/537.36"
::1 - - [09/Nov/2020:21:15:08 +0000] "POST /cart HTTP/1.1" 302 54 "http://localhost:5000/" "Mozilla/5.0 (Windows NT 10.0; Win64; x64) AppleWebKit/537.36 (KHTML, like Gecko) Chrome/86.0.4240.193 Safari/537.36"
::1 - - [09/Nov/2020:21:15:09 +0000] "GET /cart HTTP/1.1" 200 - "http://localhost:5000/" "Mozilla/5.0 (Windows NT 10.0; Win64; x64) AppleWebKit/537.36 (KHTML, like Gecko) Chrome/86.0.4240.193 Safari/537.36"
::1 - - [09/Nov/2020:21:15:09 +0000] "GET /css/main.css HTTP/1.1" 304 - "http://localhost:5000/cart" "Mozilla/5.0 (Windows NT 10.0; Win64; x64) AppleWebKit/537.36 (KHTML, like Gecko) Chrome/86.0.4240.193 Safari/537.36"
::1 - - [09/Nov/2020:21:15:09 +0000] "GET /css/cart.css HTTP/1.1" 304 - "http://localhost:5000/cart" "Mozilla/5.0 (Windows NT 10.0; Win64; x64) AppleWebKit/537.36 (KHTML, like Gecko) Chrome/86.0.4240.193 Safari/537.36"
::1 - - [09/Nov/2020:21:15:09 +0000] "GET /js/main.js HTTP/1.1" 304 - "http://localhost:5000/cart" "Mozilla/5.0 (Windows NT 10.0; Win64; x64) AppleWebKit/537.36 (KHTML, like Gecko) Chrome/86.0.4240.193 Safari/537.36"
::1 - - [09/Nov/2020:21:15:11 +0000] "GET /checkout HTTP/1.1" 500 - "http://localhost:5000/cart" "Mozilla/5.0 (Windows NT 10.0; Win64; x64) AppleWebKit/537.36 (KHTML, like Gecko) Chrome/86.0.4240.193 Safari/537.36"
::1 - - [09/Nov/2020:21:15:11 +0000] "GET /css/main.css HTTP/1.1" 304 - "http://localhost:5000/checkout" "Mozilla/5.0 (Windows NT 10.0; Win64; x64) AppleWebKit/537.36 (KHTML, like Gecko) Chrome/86.0.4240.193 Safari/537.36"
::1 - - [09/Nov/2020:21:15:11 +0000] "GET /js/main.js HTTP/1.1" 304 - "http://localhost:5000/checkout" "Mozilla/5.0 (Windows NT 10.0; Win64; x64) AppleWebKit/537.36 (KHTML, like Gecko) Chrome/86.0.4240.193 Safari/537.36"
::1 - - [09/Nov/2020:21:15:24 +0000] "GET /admin/products HTTP/1.1" 200 - "http://localhost:5000/checkout" "Mozilla/5.0 (Windows NT 10.0; Win64; x64) AppleWebKit/537.36 (KHTML, like Gecko) Chrome/86.0.4240.193 Safari/537.36"
::1 - - [09/Nov/2020:21:15:24 +0000] "GET /css/main.css HTTP/1.1" 304 - "http://localhost:5000/admin/products" "Mozilla/5.0 (Windows NT 10.0; Win64; x64) AppleWebKit/537.36 (KHTML, like Gecko) Chrome/86.0.4240.193 Safari/537.36"
::1 - - [09/Nov/2020:21:15:24 +0000] "GET /css/product.css HTTP/1.1" 304 - "http://localhost:5000/admin/products" "Mozilla/5.0 (Windows NT 10.0; Win64; x64) AppleWebKit/537.36 (KHTML, like Gecko) Chrome/86.0.4240.193 Safari/537.36"
::1 - - [09/Nov/2020:21:15:24 +0000] "GET /js/main.js HTTP/1.1" 304 - "http://localhost:5000/admin/products" "Mozilla/5.0 (Windows NT 10.0; Win64; x64) AppleWebKit/537.36 (KHTML, like Gecko) Chrome/86.0.4240.193 Safari/537.36"
::1 - - [09/Nov/2020:21:15:24 +0000] "GET /js/admin.js HTTP/1.1" 304 - "http://localhost:5000/admin/products" "Mozilla/5.0 (Windows NT 10.0; Win64; x64) AppleWebKit/537.36 (KHTML, like Gecko) Chrome/86.0.4240.193 Safari/537.36"
::1 - - [09/Nov/2020:21:15:25 +0000] "GET /images/55870747719-220857.jpg HTTP/1.1" 404 - "http://localhost:5000/admin/products" "Mozilla/5.0 (Windows NT 10.0; Win64; x64) AppleWebKit/537.36 (KHTML, like Gecko) Chrome/86.0.4240.193 Safari/537.36"
::1 - - [09/Nov/2020:21:15:28 +0000] "GET /admin/add-product HTTP/1.1" 200 - "http://localhost:5000/admin/products" "Mozilla/5.0 (Windows NT 10.0; Win64; x64) AppleWebKit/537.36 (KHTML, like Gecko) Chrome/86.0.4240.193 Safari/537.36"
::1 - - [09/Nov/2020:21:15:28 +0000] "GET /css/main.css HTTP/1.1" 304 - "http://localhost:5000/admin/add-product" "Mozilla/5.0 (Windows NT 10.0; Win64; x64) AppleWebKit/537.36 (KHTML, like Gecko) Chrome/86.0.4240.193 Safari/537.36"
::1 - - [09/Nov/2020:21:15:28 +0000] "GET /css/forms.css HTTP/1.1" 304 - "http://localhost:5000/admin/add-product" "Mozilla/5.0 (Windows NT 10.0; Win64; x64) AppleWebKit/537.36 (KHTML, like Gecko) Chrome/86.0.4240.193 Safari/537.36"
::1 - - [09/Nov/2020:21:15:28 +0000] "GET /css/product.css HTTP/1.1" 304 - "http://localhost:5000/admin/add-product" "Mozilla/5.0 (Windows NT 10.0; Win64; x64) AppleWebKit/537.36 (KHTML, like Gecko) Chrome/86.0.4240.193 Safari/537.36"
::1 - - [09/Nov/2020:21:15:28 +0000] "GET /js/main.js HTTP/1.1" 304 - "http://localhost:5000/admin/add-product" "Mozilla/5.0 (Windows NT 10.0; Win64; x64) AppleWebKit/537.36 (KHTML, like Gecko) Chrome/86.0.4240.193 Safari/537.36"
::1 - - [09/Nov/2020:21:15:30 +0000] "GET / HTTP/1.1" 200 - "http://localhost:5000/admin/add-product" "Mozilla/5.0 (Windows NT 10.0; Win64; x64) AppleWebKit/537.36 (KHTML, like Gecko) Chrome/86.0.4240.193 Safari/537.36"
::1 - - [09/Nov/2020:21:15:30 +0000] "GET /css/main.css HTTP/1.1" 304 - "http://localhost:5000/" "Mozilla/5.0 (Windows NT 10.0; Win64; x64) AppleWebKit/537.36 (KHTML, like Gecko) Chrome/86.0.4240.193 Safari/537.36"
::1 - - [09/Nov/2020:21:15:30 +0000] "GET /css/product.css HTTP/1.1" 304 - "http://localhost:5000/" "Mozilla/5.0 (Windows NT 10.0; Win64; x64) AppleWebKit/537.36 (KHTML, like Gecko) Chrome/86.0.4240.193 Safari/537.36"
::1 - - [09/Nov/2020:21:15:30 +0000] "GET /js/main.js HTTP/1.1" 304 - "http://localhost:5000/" "Mozilla/5.0 (Windows NT 10.0; Win64; x64) AppleWebKit/537.36 (KHTML, like Gecko) Chrome/86.0.4240.193 Safari/537.36"
::1 - - [09/Nov/2020:21:15:31 +0000] "GET /images/55870747719-220857.jpg HTTP/1.1" 404 - "http://localhost:5000/" "Mozilla/5.0 (Windows NT 10.0; Win64; x64) AppleWebKit/537.36 (KHTML, like Gecko) Chrome/86.0.4240.193 Safari/537.36"
::1 - - [09/Nov/2020:21:15:34 +0000] "POST /logout HTTP/1.1" 302 46 "http://localhost:5000/" "Mozilla/5.0 (Windows NT 10.0; Win64; x64) AppleWebKit/537.36 (KHTML, like Gecko) Chrome/86.0.4240.193 Safari/537.36"
::1 - - [09/Nov/2020:21:15:35 +0000] "GET / HTTP/1.1" 200 - "http://localhost:5000/" "Mozilla/5.0 (Windows NT 10.0; Win64; x64) AppleWebKit/537.36 (KHTML, like Gecko) Chrome/86.0.4240.193 Safari/537.36"
::1 - - [09/Nov/2020:21:15:35 +0000] "GET /css/main.css HTTP/1.1" 304 - "http://localhost:5000/" "Mozilla/5.0 (Windows NT 10.0; Win64; x64) AppleWebKit/537.36 (KHTML, like Gecko) Chrome/86.0.4240.193 Safari/537.36"
::1 - - [09/Nov/2020:21:15:35 +0000] "GET /css/product.css HTTP/1.1" 304 - "http://localhost:5000/" "Mozilla/5.0 (Windows NT 10.0; Win64; x64) AppleWebKit/537.36 (KHTML, like Gecko) Chrome/86.0.4240.193 Safari/537.36"
::1 - - [09/Nov/2020:21:15:35 +0000] "GET /js/main.js HTTP/1.1" 304 - "http://localhost:5000/" "Mozilla/5.0 (Windows NT 10.0; Win64; x64) AppleWebKit/537.36 (KHTML, like Gecko) Chrome/86.0.4240.193 Safari/537.36"
::1 - - [09/Nov/2020:21:15:35 +0000] "GET /images/55870747719-220857.jpg HTTP/1.1" 404 - "http://localhost:5000/" "Mozilla/5.0 (Windows NT 10.0; Win64; x64) AppleWebKit/537.36 (KHTML, like Gecko) Chrome/86.0.4240.193 Safari/537.36"
::1 - - [09/Nov/2020:21:15:37 +0000] "GET /login HTTP/1.1" 200 - "http://localhost:5000/" "Mozilla/5.0 (Windows NT 10.0; Win64; x64) AppleWebKit/537.36 (KHTML, like Gecko) Chrome/86.0.4240.193 Safari/537.36"
::1 - - [09/Nov/2020:21:15:37 +0000] "GET /css/main.css HTTP/1.1" 304 - "http://localhost:5000/login" "Mozilla/5.0 (Windows NT 10.0; Win64; x64) AppleWebKit/537.36 (KHTML, like Gecko) Chrome/86.0.4240.193 Safari/537.36"
::1 - - [09/Nov/2020:21:15:37 +0000] "GET /css/forms.css HTTP/1.1" 304 - "http://localhost:5000/login" "Mozilla/5.0 (Windows NT 10.0; Win64; x64) AppleWebKit/537.36 (KHTML, like Gecko) Chrome/86.0.4240.193 Safari/537.36"
::1 - - [09/Nov/2020:21:15:37 +0000] "GET /css/auth.css HTTP/1.1" 304 - "http://localhost:5000/login" "Mozilla/5.0 (Windows NT 10.0; Win64; x64) AppleWebKit/537.36 (KHTML, like Gecko) Chrome/86.0.4240.193 Safari/537.36"
::1 - - [09/Nov/2020:21:15:37 +0000] "GET /js/main.js HTTP/1.1" 304 - "http://localhost:5000/login" "Mozilla/5.0 (Windows NT 10.0; Win64; x64) AppleWebKit/537.36 (KHTML, like Gecko) Chrome/86.0.4240.193 Safari/537.36"
::1 - - [09/Nov/2020:21:15:44 +0000] "POST /login HTTP/1.1" 302 46 "http://localhost:5000/login" "Mozilla/5.0 (Windows NT 10.0; Win64; x64) AppleWebKit/537.36 (KHTML, like Gecko) Chrome/86.0.4240.193 Safari/537.36"
::1 - - [09/Nov/2020:21:15:44 +0000] "GET / HTTP/1.1" 200 - "http://localhost:5000/login" "Mozilla/5.0 (Windows NT 10.0; Win64; x64) AppleWebKit/537.36 (KHTML, like Gecko) Chrome/86.0.4240.193 Safari/537.36"
::1 - - [09/Nov/2020:21:15:44 +0000] "GET /css/main.css HTTP/1.1" 304 - "http://localhost:5000/" "Mozilla/5.0 (Windows NT 10.0; Win64; x64) AppleWebKit/537.36 (KHTML, like Gecko) Chrome/86.0.4240.193 Safari/537.36"
::1 - - [09/Nov/2020:21:15:44 +0000] "GET /css/product.css HTTP/1.1" 304 - "http://localhost:5000/" "Mozilla/5.0 (Windows NT 10.0; Win64; x64) AppleWebKit/537.36 (KHTML, like Gecko) Chrome/86.0.4240.193 Safari/537.36"
::1 - - [09/Nov/2020:21:15:45 +0000] "GET /js/main.js HTTP/1.1" 304 - "http://localhost:5000/" "Mozilla/5.0 (Windows NT 10.0; Win64; x64) AppleWebKit/537.36 (KHTML, like Gecko) Chrome/86.0.4240.193 Safari/537.36"
::1 - - [09/Nov/2020:21:15:45 +0000] "GET /images/55870747719-220857.jpg HTTP/1.1" 404 - "http://localhost:5000/" "Mozilla/5.0 (Windows NT 10.0; Win64; x64) AppleWebKit/537.36 (KHTML, like Gecko) Chrome/86.0.4240.193 Safari/537.36"
::1 - - [09/Nov/2020:21:15:49 +0000] "GET /orders HTTP/1.1" 200 - "http://localhost:5000/" "Mozilla/5.0 (Windows NT 10.0; Win64; x64) AppleWebKit/537.36 (KHTML, like Gecko) Chrome/86.0.4240.193 Safari/537.36"
::1 - - [09/Nov/2020:21:15:49 +0000] "GET /css/main.css HTTP/1.1" 304 - "http://localhost:5000/orders" "Mozilla/5.0 (Windows NT 10.0; Win64; x64) AppleWebKit/537.36 (KHTML, like Gecko) Chrome/86.0.4240.193 Safari/537.36"
::1 - - [09/Nov/2020:21:15:49 +0000] "GET /css/orders.css HTTP/1.1" 304 - "http://localhost:5000/orders" "Mozilla/5.0 (Windows NT 10.0; Win64; x64) AppleWebKit/537.36 (KHTML, like Gecko) Chrome/86.0.4240.193 Safari/537.36"
::1 - - [09/Nov/2020:21:15:49 +0000] "GET /js/main.js HTTP/1.1" 304 - "http://localhost:5000/orders" "Mozilla/5.0 (Windows NT 10.0; Win64; x64) AppleWebKit/537.36 (KHTML, like Gecko) Chrome/86.0.4240.193 Safari/537.36"
::1 - - [09/Nov/2020:21:18:21 +0000] "GET / HTTP/1.1" 200 - "http://localhost:5000/orders" "Mozilla/5.0 (Windows NT 10.0; Win64; x64) AppleWebKit/537.36 (KHTML, like Gecko) Chrome/86.0.4240.193 Safari/537.36"
::1 - - [09/Nov/2020:21:18:21 +0000] "GET /css/main.css HTTP/1.1" 304 - "http://localhost:5000/" "Mozilla/5.0 (Windows NT 10.0; Win64; x64) AppleWebKit/537.36 (KHTML, like Gecko) Chrome/86.0.4240.193 Safari/537.36"
::1 - - [09/Nov/2020:21:18:21 +0000] "GET /css/product.css HTTP/1.1" 304 - "http://localhost:5000/" "Mozilla/5.0 (Windows NT 10.0; Win64; x64) AppleWebKit/537.36 (KHTML, like Gecko) Chrome/86.0.4240.193 Safari/537.36"
::1 - - [09/Nov/2020:21:18:21 +0000] "GET /js/main.js HTTP/1.1" 304 - "http://localhost:5000/" "Mozilla/5.0 (Windows NT 10.0; Win64; x64) AppleWebKit/537.36 (KHTML, like Gecko) Chrome/86.0.4240.193 Safari/537.36"
::1 - - [09/Nov/2020:21:18:21 +0000] "GET /images/55870747719-220857.jpg HTTP/1.1" 404 - "http://localhost:5000/" "Mozilla/5.0 (Windows NT 10.0; Win64; x64) AppleWebKit/537.36 (KHTML, like Gecko) Chrome/86.0.4240.193 Safari/537.36"
::1 - - [09/Nov/2020:21:18:23 +0000] "POST /cart HTTP/1.1" 302 54 "http://localhost:5000/" "Mozilla/5.0 (Windows NT 10.0; Win64; x64) AppleWebKit/537.36 (KHTML, like Gecko) Chrome/86.0.4240.193 Safari/537.36"
::1 - - [09/Nov/2020:21:18:23 +0000] "GET /cart HTTP/1.1" 200 - "http://localhost:5000/" "Mozilla/5.0 (Windows NT 10.0; Win64; x64) AppleWebKit/537.36 (KHTML, like Gecko) Chrome/86.0.4240.193 Safari/537.36"
::1 - - [09/Nov/2020:21:18:23 +0000] "GET /css/main.css HTTP/1.1" 304 - "http://localhost:5000/cart" "Mozilla/5.0 (Windows NT 10.0; Win64; x64) AppleWebKit/537.36 (KHTML, like Gecko) Chrome/86.0.4240.193 Safari/537.36"
::1 - - [09/Nov/2020:21:18:23 +0000] "GET /css/cart.css HTTP/1.1" 304 - "http://localhost:5000/cart" "Mozilla/5.0 (Windows NT 10.0; Win64; x64) AppleWebKit/537.36 (KHTML, like Gecko) Chrome/86.0.4240.193 Safari/537.36"
::1 - - [09/Nov/2020:21:18:23 +0000] "GET /js/main.js HTTP/1.1" 304 - "http://localhost:5000/cart" "Mozilla/5.0 (Windows NT 10.0; Win64; x64) AppleWebKit/537.36 (KHTML, like Gecko) Chrome/86.0.4240.193 Safari/537.36"
::1 - - [09/Nov/2020:21:18:25 +0000] "GET /checkout HTTP/1.1" 500 - "http://localhost:5000/cart" "Mozilla/5.0 (Windows NT 10.0; Win64; x64) AppleWebKit/537.36 (KHTML, like Gecko) Chrome/86.0.4240.193 Safari/537.36"
::1 - - [09/Nov/2020:21:18:26 +0000] "GET /css/main.css HTTP/1.1" 304 - "http://localhost:5000/checkout" "Mozilla/5.0 (Windows NT 10.0; Win64; x64) AppleWebKit/537.36 (KHTML, like Gecko) Chrome/86.0.4240.193 Safari/537.36"
::1 - - [09/Nov/2020:21:18:26 +0000] "GET /js/main.js HTTP/1.1" 304 - "http://localhost:5000/checkout" "Mozilla/5.0 (Windows NT 10.0; Win64; x64) AppleWebKit/537.36 (KHTML, like Gecko) Chrome/86.0.4240.193 Safari/537.36"
::1 - - [09/Nov/2020:21:18:33 +0000] "GET /orders HTTP/1.1" 200 - "http://localhost:5000/checkout" "Mozilla/5.0 (Windows NT 10.0; Win64; x64) AppleWebKit/537.36 (KHTML, like Gecko) Chrome/86.0.4240.193 Safari/537.36"
::1 - - [09/Nov/2020:21:18:33 +0000] "GET /css/main.css HTTP/1.1" 304 - "http://localhost:5000/orders" "Mozilla/5.0 (Windows NT 10.0; Win64; x64) AppleWebKit/537.36 (KHTML, like Gecko) Chrome/86.0.4240.193 Safari/537.36"
::1 - - [09/Nov/2020:21:18:33 +0000] "GET /css/orders.css HTTP/1.1" 304 - "http://localhost:5000/orders" "Mozilla/5.0 (Windows NT 10.0; Win64; x64) AppleWebKit/537.36 (KHTML, like Gecko) Chrome/86.0.4240.193 Safari/537.36"
::1 - - [09/Nov/2020:21:18:33 +0000] "GET /js/main.js HTTP/1.1" 304 - "http://localhost:5000/orders" "Mozilla/5.0 (Windows NT 10.0; Win64; x64) AppleWebKit/537.36 (KHTML, like Gecko) Chrome/86.0.4240.193 Safari/537.36"
::1 - - [09/Nov/2020:21:18:35 +0000] "GET /orders/5fa8151dc3df5c2058f69eab HTTP/1.1" 200 - "http://localhost:5000/orders" "Mozilla/5.0 (Windows NT 10.0; Win64; x64) AppleWebKit/537.36 (KHTML, like Gecko) Chrome/86.0.4240.193 Safari/537.36"
::1 - - [09/Nov/2020:21:18:52 +0000] "GET /products HTTP/1.1" 200 - "http://localhost:5000/" "Mozilla/5.0 (Windows NT 10.0; Win64; x64) AppleWebKit/537.36 (KHTML, like Gecko) Chrome/86.0.4240.193 Safari/537.36"
::1 - - [09/Nov/2020:21:18:52 +0000] "GET /css/main.css HTTP/1.1" 304 - "http://localhost:5000/products" "Mozilla/5.0 (Windows NT 10.0; Win64; x64) AppleWebKit/537.36 (KHTML, like Gecko) Chrome/86.0.4240.193 Safari/537.36"
::1 - - [09/Nov/2020:21:18:52 +0000] "GET /css/product.css HTTP/1.1" 304 - "http://localhost:5000/products" "Mozilla/5.0 (Windows NT 10.0; Win64; x64) AppleWebKit/537.36 (KHTML, like Gecko) Chrome/86.0.4240.193 Safari/537.36"
::1 - - [09/Nov/2020:21:18:52 +0000] "GET /js/main.js HTTP/1.1" 304 - "http://localhost:5000/products" "Mozilla/5.0 (Windows NT 10.0; Win64; x64) AppleWebKit/537.36 (KHTML, like Gecko) Chrome/86.0.4240.193 Safari/537.36"
::1 - - [09/Nov/2020:21:18:53 +0000] "GET /images/55870747719-220857.jpg HTTP/1.1" 404 - "http://localhost:5000/products" "Mozilla/5.0 (Windows NT 10.0; Win64; x64) AppleWebKit/537.36 (KHTML, like Gecko) Chrome/86.0.4240.193 Safari/537.36"
::1 - - [10/Nov/2020:05:43:27 +0000] "GET / HTTP/1.1" 200 - "-" "Mozilla/5.0 (Windows NT 10.0; Win64; x64) AppleWebKit/537.36 (KHTML, like Gecko) Chrome/86.0.4240.193 Safari/537.36"
::1 - - [10/Nov/2020:05:43:27 +0000] "GET /css/main.css HTTP/1.1" 304 - "http://localhost:5000/" "Mozilla/5.0 (Windows NT 10.0; Win64; x64) AppleWebKit/537.36 (KHTML, like Gecko) Chrome/86.0.4240.193 Safari/537.36"
::1 - - [10/Nov/2020:05:43:27 +0000] "GET /css/product.css HTTP/1.1" 304 - "http://localhost:5000/" "Mozilla/5.0 (Windows NT 10.0; Win64; x64) AppleWebKit/537.36 (KHTML, like Gecko) Chrome/86.0.4240.193 Safari/537.36"
::1 - - [10/Nov/2020:05:43:27 +0000] "GET /js/main.js HTTP/1.1" 304 - "http://localhost:5000/" "Mozilla/5.0 (Windows NT 10.0; Win64; x64) AppleWebKit/537.36 (KHTML, like Gecko) Chrome/86.0.4240.193 Safari/537.36"
::1 - - [10/Nov/2020:05:43:27 +0000] "GET /images/55870747719-220857.jpg HTTP/1.1" 404 - "http://localhost:5000/" "Mozilla/5.0 (Windows NT 10.0; Win64; x64) AppleWebKit/537.36 (KHTML, like Gecko) Chrome/86.0.4240.193 Safari/537.36"
::1 - - [10/Nov/2020:05:43:27 +0000] "GET /favicon.ico HTTP/1.1" 404 - "http://localhost:5000/" "Mozilla/5.0 (Windows NT 10.0; Win64; x64) AppleWebKit/537.36 (KHTML, like Gecko) Chrome/86.0.4240.193 Safari/537.36"
::1 - - [10/Nov/2020:05:43:31 +0000] "GET /login HTTP/1.1" 200 - "http://localhost:5000/" "Mozilla/5.0 (Windows NT 10.0; Win64; x64) AppleWebKit/537.36 (KHTML, like Gecko) Chrome/86.0.4240.193 Safari/537.36"
::1 - - [10/Nov/2020:05:43:31 +0000] "GET /css/main.css HTTP/1.1" 304 - "http://localhost:5000/login" "Mozilla/5.0 (Windows NT 10.0; Win64; x64) AppleWebKit/537.36 (KHTML, like Gecko) Chrome/86.0.4240.193 Safari/537.36"
::1 - - [10/Nov/2020:05:43:31 +0000] "GET /js/main.js HTTP/1.1" 304 - "http://localhost:5000/login" "Mozilla/5.0 (Windows NT 10.0; Win64; x64) AppleWebKit/537.36 (KHTML, like Gecko) Chrome/86.0.4240.193 Safari/537.36"
::1 - - [10/Nov/2020:05:43:31 +0000] "GET /css/auth.css HTTP/1.1" 304 - "http://localhost:5000/login" "Mozilla/5.0 (Windows NT 10.0; Win64; x64) AppleWebKit/537.36 (KHTML, like Gecko) Chrome/86.0.4240.193 Safari/537.36"
::1 - - [10/Nov/2020:05:43:31 +0000] "GET /css/forms.css HTTP/1.1" 304 - "http://localhost:5000/login" "Mozilla/5.0 (Windows NT 10.0; Win64; x64) AppleWebKit/537.36 (KHTML, like Gecko) Chrome/86.0.4240.193 Safari/537.36"
::1 - - [10/Nov/2020:05:43:43 +0000] "POST /login HTTP/1.1" 302 46 "http://localhost:5000/login" "Mozilla/5.0 (Windows NT 10.0; Win64; x64) AppleWebKit/537.36 (KHTML, like Gecko) Chrome/86.0.4240.193 Safari/537.36"
::1 - - [10/Nov/2020:05:43:44 +0000] "GET / HTTP/1.1" 200 - "http://localhost:5000/login" "Mozilla/5.0 (Windows NT 10.0; Win64; x64) AppleWebKit/537.36 (KHTML, like Gecko) Chrome/86.0.4240.193 Safari/537.36"
::1 - - [10/Nov/2020:05:43:44 +0000] "GET /css/main.css HTTP/1.1" 304 - "http://localhost:5000/" "Mozilla/5.0 (Windows NT 10.0; Win64; x64) AppleWebKit/537.36 (KHTML, like Gecko) Chrome/86.0.4240.193 Safari/537.36"
::1 - - [10/Nov/2020:05:43:44 +0000] "GET /css/product.css HTTP/1.1" 304 - "http://localhost:5000/" "Mozilla/5.0 (Windows NT 10.0; Win64; x64) AppleWebKit/537.36 (KHTML, like Gecko) Chrome/86.0.4240.193 Safari/537.36"
::1 - - [10/Nov/2020:05:43:44 +0000] "GET /js/main.js HTTP/1.1" 304 - "http://localhost:5000/" "Mozilla/5.0 (Windows NT 10.0; Win64; x64) AppleWebKit/537.36 (KHTML, like Gecko) Chrome/86.0.4240.193 Safari/537.36"
::1 - - [10/Nov/2020:05:43:44 +0000] "GET /images/55870747719-220857.jpg HTTP/1.1" 404 - "http://localhost:5000/" "Mozilla/5.0 (Windows NT 10.0; Win64; x64) AppleWebKit/537.36 (KHTML, like Gecko) Chrome/86.0.4240.193 Safari/537.36"
::1 - - [10/Nov/2020:05:43:51 +0000] "POST /cart HTTP/1.1" 302 54 "http://localhost:5000/" "Mozilla/5.0 (Windows NT 10.0; Win64; x64) AppleWebKit/537.36 (KHTML, like Gecko) Chrome/86.0.4240.193 Safari/537.36"
::1 - - [10/Nov/2020:05:43:52 +0000] "GET /cart HTTP/1.1" 200 - "http://localhost:5000/" "Mozilla/5.0 (Windows NT 10.0; Win64; x64) AppleWebKit/537.36 (KHTML, like Gecko) Chrome/86.0.4240.193 Safari/537.36"
::1 - - [10/Nov/2020:05:43:52 +0000] "GET /css/main.css HTTP/1.1" 304 - "http://localhost:5000/cart" "Mozilla/5.0 (Windows NT 10.0; Win64; x64) AppleWebKit/537.36 (KHTML, like Gecko) Chrome/86.0.4240.193 Safari/537.36"
::1 - - [10/Nov/2020:05:43:52 +0000] "GET /css/cart.css HTTP/1.1" 304 - "http://localhost:5000/cart" "Mozilla/5.0 (Windows NT 10.0; Win64; x64) AppleWebKit/537.36 (KHTML, like Gecko) Chrome/86.0.4240.193 Safari/537.36"
::1 - - [10/Nov/2020:05:43:52 +0000] "GET /js/main.js HTTP/1.1" 304 - "http://localhost:5000/cart" "Mozilla/5.0 (Windows NT 10.0; Win64; x64) AppleWebKit/537.36 (KHTML, like Gecko) Chrome/86.0.4240.193 Safari/537.36"
::1 - - [10/Nov/2020:05:43:56 +0000] "GET /checkout HTTP/1.1" 200 - "http://localhost:5000/cart" "Mozilla/5.0 (Windows NT 10.0; Win64; x64) AppleWebKit/537.36 (KHTML, like Gecko) Chrome/86.0.4240.193 Safari/537.36"
::1 - - [10/Nov/2020:05:43:56 +0000] "GET /css/main.css HTTP/1.1" 304 - "http://localhost:5000/checkout" "Mozilla/5.0 (Windows NT 10.0; Win64; x64) AppleWebKit/537.36 (KHTML, like Gecko) Chrome/86.0.4240.193 Safari/537.36"
::1 - - [10/Nov/2020:05:43:56 +0000] "GET /css/cart.css HTTP/1.1" 304 - "http://localhost:5000/checkout" "Mozilla/5.0 (Windows NT 10.0; Win64; x64) AppleWebKit/537.36 (KHTML, like Gecko) Chrome/86.0.4240.193 Safari/537.36"
::1 - - [10/Nov/2020:05:43:56 +0000] "GET /js/main.js HTTP/1.1" 304 - "http://localhost:5000/checkout" "Mozilla/5.0 (Windows NT 10.0; Win64; x64) AppleWebKit/537.36 (KHTML, like Gecko) Chrome/86.0.4240.193 Safari/537.36"
::1 - - [10/Nov/2020:05:44:17 +0000] "GET /checkout/cancel HTTP/1.1" 200 - "-" "Mozilla/5.0 (Windows NT 10.0; Win64; x64) AppleWebKit/537.36 (KHTML, like Gecko) Chrome/86.0.4240.193 Safari/537.36"
::1 - - [10/Nov/2020:05:44:17 +0000] "GET /css/main.css HTTP/1.1" 304 - "http://localhost:5000/checkout/cancel" "Mozilla/5.0 (Windows NT 10.0; Win64; x64) AppleWebKit/537.36 (KHTML, like Gecko) Chrome/86.0.4240.193 Safari/537.36"
::1 - - [10/Nov/2020:05:44:17 +0000] "GET /css/cart.css HTTP/1.1" 304 - "http://localhost:5000/checkout/cancel" "Mozilla/5.0 (Windows NT 10.0; Win64; x64) AppleWebKit/537.36 (KHTML, like Gecko) Chrome/86.0.4240.193 Safari/537.36"
::1 - - [10/Nov/2020:05:44:17 +0000] "GET /js/main.js HTTP/1.1" 304 - "http://localhost:5000/checkout/cancel" "Mozilla/5.0 (Windows NT 10.0; Win64; x64) AppleWebKit/537.36 (KHTML, like Gecko) Chrome/86.0.4240.193 Safari/537.36"
::1 - - [10/Nov/2020:05:44:44 +0000] "GET / HTTP/1.1" 200 - "-" "Mozilla/5.0 (Windows NT 10.0; Win64; x64) AppleWebKit/537.36 (KHTML, like Gecko) Chrome/86.0.4240.193 Safari/537.36"
::1 - - [10/Nov/2020:05:44:44 +0000] "GET /css/main.css HTTP/1.1" 304 - "http://localhost:5000/" "Mozilla/5.0 (Windows NT 10.0; Win64; x64) AppleWebKit/537.36 (KHTML, like Gecko) Chrome/86.0.4240.193 Safari/537.36"
::1 - - [10/Nov/2020:05:44:44 +0000] "GET /css/product.css HTTP/1.1" 304 - "http://localhost:5000/" "Mozilla/5.0 (Windows NT 10.0; Win64; x64) AppleWebKit/537.36 (KHTML, like Gecko) Chrome/86.0.4240.193 Safari/537.36"
::1 - - [10/Nov/2020:05:44:44 +0000] "GET /js/main.js HTTP/1.1" 304 - "http://localhost:5000/" "Mozilla/5.0 (Windows NT 10.0; Win64; x64) AppleWebKit/537.36 (KHTML, like Gecko) Chrome/86.0.4240.193 Safari/537.36"
::1 - - [10/Nov/2020:05:44:44 +0000] "GET /images/55870747719-220857.jpg HTTP/1.1" 404 - "http://localhost:5000/" "Mozilla/5.0 (Windows NT 10.0; Win64; x64) AppleWebKit/537.36 (KHTML, like Gecko) Chrome/86.0.4240.193 Safari/537.36"
::1 - - [10/Nov/2020:05:44:58 +0000] "POST /cart HTTP/1.1" 302 54 "http://localhost:5000/" "Mozilla/5.0 (Windows NT 10.0; Win64; x64) AppleWebKit/537.36 (KHTML, like Gecko) Chrome/86.0.4240.193 Safari/537.36"
::1 - - [10/Nov/2020:05:44:59 +0000] "GET /cart HTTP/1.1" 200 - "http://localhost:5000/" "Mozilla/5.0 (Windows NT 10.0; Win64; x64) AppleWebKit/537.36 (KHTML, like Gecko) Chrome/86.0.4240.193 Safari/537.36"
::1 - - [10/Nov/2020:05:44:59 +0000] "GET /css/main.css HTTP/1.1" 304 - "http://localhost:5000/cart" "Mozilla/5.0 (Windows NT 10.0; Win64; x64) AppleWebKit/537.36 (KHTML, like Gecko) Chrome/86.0.4240.193 Safari/537.36"
::1 - - [10/Nov/2020:05:44:59 +0000] "GET /css/cart.css HTTP/1.1" 304 - "http://localhost:5000/cart" "Mozilla/5.0 (Windows NT 10.0; Win64; x64) AppleWebKit/537.36 (KHTML, like Gecko) Chrome/86.0.4240.193 Safari/537.36"
::1 - - [10/Nov/2020:05:44:59 +0000] "GET /js/main.js HTTP/1.1" 304 - "http://localhost:5000/cart" "Mozilla/5.0 (Windows NT 10.0; Win64; x64) AppleWebKit/537.36 (KHTML, like Gecko) Chrome/86.0.4240.193 Safari/537.36"
::1 - - [10/Nov/2020:05:45:02 +0000] "GET /checkout HTTP/1.1" 500 - "http://localhost:5000/cart" "Mozilla/5.0 (Windows NT 10.0; Win64; x64) AppleWebKit/537.36 (KHTML, like Gecko) Chrome/86.0.4240.193 Safari/537.36"
::1 - - [10/Nov/2020:05:45:02 +0000] "GET /css/main.css HTTP/1.1" 304 - "http://localhost:5000/checkout" "Mozilla/5.0 (Windows NT 10.0; Win64; x64) AppleWebKit/537.36 (KHTML, like Gecko) Chrome/86.0.4240.193 Safari/537.36"
::1 - - [10/Nov/2020:05:45:02 +0000] "GET /js/main.js HTTP/1.1" 304 - "http://localhost:5000/checkout" "Mozilla/5.0 (Windows NT 10.0; Win64; x64) AppleWebKit/537.36 (KHTML, like Gecko) Chrome/86.0.4240.193 Safari/537.36"
::ffff:127.0.0.1 - - [10/Nov/2020:05:46:08 +0000] "GET /checkout HTTP/1.1" 500 - "http://localhost:5000/cart" "Mozilla/5.0 (Windows NT 10.0; Win64; x64) AppleWebKit/537.36 (KHTML, like Gecko) Chrome/86.0.4240.193 Safari/537.36"
::ffff:127.0.0.1 - - [10/Nov/2020:05:46:08 +0000] "GET /css/main.css HTTP/1.1" 304 - "http://localhost:5000/checkout" "Mozilla/5.0 (Windows NT 10.0; Win64; x64) AppleWebKit/537.36 (KHTML, like Gecko) Chrome/86.0.4240.193 Safari/537.36"
::1 - - [10/Nov/2020:05:46:08 +0000] "GET /js/main.js HTTP/1.1" 304 - "http://localhost:5000/checkout" "Mozilla/5.0 (Windows NT 10.0; Win64; x64) AppleWebKit/537.36 (KHTML, like Gecko) Chrome/86.0.4240.193 Safari/537.36"
::1 - - [10/Nov/2020:05:46:13 +0000] "GET / HTTP/1.1" 200 - "-" "Mozilla/5.0 (Windows NT 10.0; Win64; x64) AppleWebKit/537.36 (KHTML, like Gecko) Chrome/86.0.4240.193 Safari/537.36"
::1 - - [10/Nov/2020:05:46:13 +0000] "GET /css/main.css HTTP/1.1" 304 - "http://localhost:5000/" "Mozilla/5.0 (Windows NT 10.0; Win64; x64) AppleWebKit/537.36 (KHTML, like Gecko) Chrome/86.0.4240.193 Safari/537.36"
::1 - - [10/Nov/2020:05:46:13 +0000] "GET /css/product.css HTTP/1.1" 304 - "http://localhost:5000/" "Mozilla/5.0 (Windows NT 10.0; Win64; x64) AppleWebKit/537.36 (KHTML, like Gecko) Chrome/86.0.4240.193 Safari/537.36"
::1 - - [10/Nov/2020:05:46:13 +0000] "GET /js/main.js HTTP/1.1" 304 - "http://localhost:5000/" "Mozilla/5.0 (Windows NT 10.0; Win64; x64) AppleWebKit/537.36 (KHTML, like Gecko) Chrome/86.0.4240.193 Safari/537.36"
::1 - - [10/Nov/2020:05:46:14 +0000] "GET /images/55870747719-220857.jpg HTTP/1.1" 404 - "http://localhost:5000/" "Mozilla/5.0 (Windows NT 10.0; Win64; x64) AppleWebKit/537.36 (KHTML, like Gecko) Chrome/86.0.4240.193 Safari/537.36"
::1 - - [10/Nov/2020:05:46:18 +0000] "GET /orders HTTP/1.1" 200 - "http://localhost:5000/" "Mozilla/5.0 (Windows NT 10.0; Win64; x64) AppleWebKit/537.36 (KHTML, like Gecko) Chrome/86.0.4240.193 Safari/537.36"
::1 - - [10/Nov/2020:05:46:19 +0000] "GET /css/main.css HTTP/1.1" 304 - "http://localhost:5000/orders" "Mozilla/5.0 (Windows NT 10.0; Win64; x64) AppleWebKit/537.36 (KHTML, like Gecko) Chrome/86.0.4240.193 Safari/537.36"
::1 - - [10/Nov/2020:05:46:19 +0000] "GET /css/orders.css HTTP/1.1" 304 - "http://localhost:5000/orders" "Mozilla/5.0 (Windows NT 10.0; Win64; x64) AppleWebKit/537.36 (KHTML, like Gecko) Chrome/86.0.4240.193 Safari/537.36"
::1 - - [10/Nov/2020:05:46:19 +0000] "GET /js/main.js HTTP/1.1" 304 - "http://localhost:5000/orders" "Mozilla/5.0 (Windows NT 10.0; Win64; x64) AppleWebKit/537.36 (KHTML, like Gecko) Chrome/86.0.4240.193 Safari/537.36"
::1 - - [10/Nov/2020:05:46:21 +0000] "GET /cart HTTP/1.1" 200 - "http://localhost:5000/orders" "Mozilla/5.0 (Windows NT 10.0; Win64; x64) AppleWebKit/537.36 (KHTML, like Gecko) Chrome/86.0.4240.193 Safari/537.36"
::1 - - [10/Nov/2020:05:46:21 +0000] "GET /css/main.css HTTP/1.1" 304 - "http://localhost:5000/cart" "Mozilla/5.0 (Windows NT 10.0; Win64; x64) AppleWebKit/537.36 (KHTML, like Gecko) Chrome/86.0.4240.193 Safari/537.36"
::1 - - [10/Nov/2020:05:46:21 +0000] "GET /css/cart.css HTTP/1.1" 304 - "http://localhost:5000/cart" "Mozilla/5.0 (Windows NT 10.0; Win64; x64) AppleWebKit/537.36 (KHTML, like Gecko) Chrome/86.0.4240.193 Safari/537.36"
::1 - - [10/Nov/2020:05:46:21 +0000] "GET /js/main.js HTTP/1.1" 304 - "http://localhost:5000/cart" "Mozilla/5.0 (Windows NT 10.0; Win64; x64) AppleWebKit/537.36 (KHTML, like Gecko) Chrome/86.0.4240.193 Safari/537.36"
::1 - - [10/Nov/2020:05:46:24 +0000] "GET /checkout HTTP/1.1" 500 - "http://localhost:5000/cart" "Mozilla/5.0 (Windows NT 10.0; Win64; x64) AppleWebKit/537.36 (KHTML, like Gecko) Chrome/86.0.4240.193 Safari/537.36"
::1 - - [10/Nov/2020:05:46:24 +0000] "GET /css/main.css HTTP/1.1" 304 - "http://localhost:5000/checkout" "Mozilla/5.0 (Windows NT 10.0; Win64; x64) AppleWebKit/537.36 (KHTML, like Gecko) Chrome/86.0.4240.193 Safari/537.36"
::1 - - [10/Nov/2020:05:46:24 +0000] "GET /js/main.js HTTP/1.1" 304 - "http://localhost:5000/checkout" "Mozilla/5.0 (Windows NT 10.0; Win64; x64) AppleWebKit/537.36 (KHTML, like Gecko) Chrome/86.0.4240.193 Safari/537.36"
::1 - - [10/Nov/2020:05:47:56 +0000] "GET /checkout HTTP/1.1" - - "http://localhost:5000/cart" "Mozilla/5.0 (Windows NT 10.0; Win64; x64) AppleWebKit/537.36 (KHTML, like Gecko) Chrome/86.0.4240.193 Safari/537.36"
::ffff:127.0.0.1 - - [10/Nov/2020:05:48:02 +0000] "GET / HTTP/1.1" 200 - "http://localhost:5000/checkout" "Mozilla/5.0 (Windows NT 10.0; Win64; x64) AppleWebKit/537.36 (KHTML, like Gecko) Chrome/86.0.4240.193 Safari/537.36"
::ffff:127.0.0.1 - - [10/Nov/2020:05:48:02 +0000] "GET /css/main.css HTTP/1.1" 304 - "http://localhost:5000/" "Mozilla/5.0 (Windows NT 10.0; Win64; x64) AppleWebKit/537.36 (KHTML, like Gecko) Chrome/86.0.4240.193 Safari/537.36"
::ffff:127.0.0.1 - - [10/Nov/2020:05:48:02 +0000] "GET /css/product.css HTTP/1.1" 304 - "http://localhost:5000/" "Mozilla/5.0 (Windows NT 10.0; Win64; x64) AppleWebKit/537.36 (KHTML, like Gecko) Chrome/86.0.4240.193 Safari/537.36"
::ffff:127.0.0.1 - - [10/Nov/2020:05:48:02 +0000] "GET /js/main.js HTTP/1.1" 304 - "http://localhost:5000/" "Mozilla/5.0 (Windows NT 10.0; Win64; x64) AppleWebKit/537.36 (KHTML, like Gecko) Chrome/86.0.4240.193 Safari/537.36"
::ffff:127.0.0.1 - - [10/Nov/2020:05:48:02 +0000] "GET /images/55870747719-220857.jpg HTTP/1.1" 404 - "http://localhost:5000/" "Mozilla/5.0 (Windows NT 10.0; Win64; x64) AppleWebKit/537.36 (KHTML, like Gecko) Chrome/86.0.4240.193 Safari/537.36"
::1 - - [10/Nov/2020:05:48:52 +0000] "GET /orders HTTP/1.1" 200 - "http://localhost:5000/" "Mozilla/5.0 (Windows NT 10.0; Win64; x64) AppleWebKit/537.36 (KHTML, like Gecko) Chrome/86.0.4240.193 Safari/537.36"
::1 - - [10/Nov/2020:05:48:52 +0000] "GET /css/main.css HTTP/1.1" 304 - "http://localhost:5000/orders" "Mozilla/5.0 (Windows NT 10.0; Win64; x64) AppleWebKit/537.36 (KHTML, like Gecko) Chrome/86.0.4240.193 Safari/537.36"
::1 - - [10/Nov/2020:05:48:52 +0000] "GET /css/orders.css HTTP/1.1" 304 - "http://localhost:5000/orders" "Mozilla/5.0 (Windows NT 10.0; Win64; x64) AppleWebKit/537.36 (KHTML, like Gecko) Chrome/86.0.4240.193 Safari/537.36"
::1 - - [10/Nov/2020:05:48:52 +0000] "GET /js/main.js HTTP/1.1" 304 - "http://localhost:5000/orders" "Mozilla/5.0 (Windows NT 10.0; Win64; x64) AppleWebKit/537.36 (KHTML, like Gecko) Chrome/86.0.4240.193 Safari/537.36"
::1 - - [10/Nov/2020:05:48:55 +0000] "GET /cart HTTP/1.1" 200 - "http://localhost:5000/orders" "Mozilla/5.0 (Windows NT 10.0; Win64; x64) AppleWebKit/537.36 (KHTML, like Gecko) Chrome/86.0.4240.193 Safari/537.36"
::1 - - [10/Nov/2020:05:48:55 +0000] "GET /css/main.css HTTP/1.1" 304 - "http://localhost:5000/cart" "Mozilla/5.0 (Windows NT 10.0; Win64; x64) AppleWebKit/537.36 (KHTML, like Gecko) Chrome/86.0.4240.193 Safari/537.36"
::1 - - [10/Nov/2020:05:48:55 +0000] "GET /css/cart.css HTTP/1.1" 304 - "http://localhost:5000/cart" "Mozilla/5.0 (Windows NT 10.0; Win64; x64) AppleWebKit/537.36 (KHTML, like Gecko) Chrome/86.0.4240.193 Safari/537.36"
::1 - - [10/Nov/2020:05:48:55 +0000] "GET /js/main.js HTTP/1.1" 304 - "http://localhost:5000/cart" "Mozilla/5.0 (Windows NT 10.0; Win64; x64) AppleWebKit/537.36 (KHTML, like Gecko) Chrome/86.0.4240.193 Safari/537.36"
::1 - - [10/Nov/2020:05:48:59 +0000] "GET /checkout HTTP/1.1" 200 - "http://localhost:5000/cart" "Mozilla/5.0 (Windows NT 10.0; Win64; x64) AppleWebKit/537.36 (KHTML, like Gecko) Chrome/86.0.4240.193 Safari/537.36"
::1 - - [10/Nov/2020:05:48:59 +0000] "GET /css/main.css HTTP/1.1" 304 - "http://localhost:5000/checkout" "Mozilla/5.0 (Windows NT 10.0; Win64; x64) AppleWebKit/537.36 (KHTML, like Gecko) Chrome/86.0.4240.193 Safari/537.36"
::1 - - [10/Nov/2020:05:48:59 +0000] "GET /css/cart.css HTTP/1.1" 304 - "http://localhost:5000/checkout" "Mozilla/5.0 (Windows NT 10.0; Win64; x64) AppleWebKit/537.36 (KHTML, like Gecko) Chrome/86.0.4240.193 Safari/537.36"
::1 - - [10/Nov/2020:05:48:59 +0000] "GET /js/main.js HTTP/1.1" 304 - "http://localhost:5000/checkout" "Mozilla/5.0 (Windows NT 10.0; Win64; x64) AppleWebKit/537.36 (KHTML, like Gecko) Chrome/86.0.4240.193 Safari/537.36"
::1 - - [10/Nov/2020:05:49:46 +0000] "GET /checkout/success HTTP/1.1" 302 58 "-" "Mozilla/5.0 (Windows NT 10.0; Win64; x64) AppleWebKit/537.36 (KHTML, like Gecko) Chrome/86.0.4240.193 Safari/537.36"
::1 - - [10/Nov/2020:05:49:47 +0000] "GET /orders HTTP/1.1" 200 - "-" "Mozilla/5.0 (Windows NT 10.0; Win64; x64) AppleWebKit/537.36 (KHTML, like Gecko) Chrome/86.0.4240.193 Safari/537.36"
::1 - - [10/Nov/2020:05:49:47 +0000] "GET /css/main.css HTTP/1.1" 304 - "http://localhost:5000/orders" "Mozilla/5.0 (Windows NT 10.0; Win64; x64) AppleWebKit/537.36 (KHTML, like Gecko) Chrome/86.0.4240.193 Safari/537.36"
::1 - - [10/Nov/2020:05:49:47 +0000] "GET /css/orders.css HTTP/1.1" 304 - "http://localhost:5000/orders" "Mozilla/5.0 (Windows NT 10.0; Win64; x64) AppleWebKit/537.36 (KHTML, like Gecko) Chrome/86.0.4240.193 Safari/537.36"
::1 - - [10/Nov/2020:05:49:47 +0000] "GET /js/main.js HTTP/1.1" 304 - "http://localhost:5000/orders" "Mozilla/5.0 (Windows NT 10.0; Win64; x64) AppleWebKit/537.36 (KHTML, like Gecko) Chrome/86.0.4240.193 Safari/537.36"
::1 - - [10/Nov/2020:05:49:51 +0000] "GET /orders/5faa29fa100acf45a860e9c7 HTTP/1.1" 200 - "http://localhost:5000/orders" "Mozilla/5.0 (Windows NT 10.0; Win64; x64) AppleWebKit/537.36 (KHTML, like Gecko) Chrome/86.0.4240.193 Safari/537.36"
